<?xml version="1.0" encoding="UTF-8"?>
<testng-results skipped="2" failed="0" ignored="0" total="2" passed="0">
  <reporter-output>
  </reporter-output>
  <suite name="Default suite" duration-ms="353" started-at="2020-06-05T23:05:34 EDT" finished-at="2020-06-05T23:05:35 EDT">
    <groups>
      <group name="addEmp">
        <method signature="AddEmployeeTest.addEmployee(java.lang.String, java.lang.String, java.lang.String, java.lang.String)[pri:0, instance:com.hrms.testCases.AddEmployeeTest@34cd072c]" name="addEmployee" class="com.hrms.testCases.AddEmployeeTest"/>
      </group> <!-- addEmp -->
      <group name="homework">
        <method signature="AddEmployeeTest.addEmployee(java.lang.String, java.lang.String, java.lang.String, java.lang.String)[pri:0, instance:com.hrms.testCases.AddEmployeeTest@34cd072c]" name="addEmployee" class="com.hrms.testCases.AddEmployeeTest"/>
      </group> <!-- homework -->
      <group name="regression">
        <method signature="AddEmployeeTest.addEmployee(java.lang.String, java.lang.String, java.lang.String, java.lang.String)[pri:0, instance:com.hrms.testCases.AddEmployeeTest@34cd072c]" name="addEmployee" class="com.hrms.testCases.AddEmployeeTest"/>
      </group> <!-- regression -->
    </groups>
    <test name="Default test" duration-ms="353" started-at="2020-06-05T23:05:34 EDT" finished-at="2020-06-05T23:05:35 EDT">
      <class name="com.hrms.testCases.AddEmployeeTest">
        <test-method status="PASS" signature="generateReport()[pri:0, instance:com.hrms.testCases.AddEmployeeTest@34cd072c]" name="generateReport" is-config="true" duration-ms="229" started-at="2020-06-05T23:05:34 EDT" finished-at="2020-06-05T23:05:35 EDT">
          <reporter-output>
          </reporter-output>
        </test-method> <!-- generateReport -->
        <test-method status="SKIP" signature="addEmployee(java.lang.String, java.lang.String, java.lang.String, java.lang.String)[pri:0, instance:com.hrms.testCases.AddEmployeeTest@34cd072c]" name="addEmployee" duration-ms="0" started-at="2020-06-05T23:05:35 EDT" data-provider="userDataFromExcel" finished-at="2020-06-05T23:05:35 EDT">
          <exception class="java.lang.RuntimeException">
            <message>
              <![CDATA[java.lang.StackOverflowError]]>
            </message>
            <full-stacktrace>
              <![CDATA[java.lang.RuntimeException: java.lang.StackOverflowError
at org.testng.internal.MethodInvocationHelper.invokeMethodNoCheckedException(MethodInvocationHelper.java:51)
at org.testng.internal.MethodInvocationHelper.invokeDataProvider(MethodInvocationHelper.java:147)
at org.testng.internal.Parameters.handleParameters(Parameters.java:801)
at org.testng.internal.Parameters.handleParameters(Parameters.java:744)
at org.testng.internal.ParameterHandler.handleParameters(ParameterHandler.java:59)
at org.testng.internal.ParameterHandler.createParameters(ParameterHandler.java:38)
at org.testng.internal.TestInvoker$MethodInvocationAgent.invoke(TestInvoker.java:783)
at org.testng.internal.TestInvoker.invokeTestMethods(TestInvoker.java:146)
at org.testng.internal.TestMethodWorker.invokeTestMethods(TestMethodWorker.java:146)
at org.testng.internal.TestMethodWorker.run(TestMethodWorker.java:128)
at java.util.ArrayList.forEach(ArrayList.java:1257)
at org.testng.TestRunner.privateRun(TestRunner.java:766)
at org.testng.TestRunner.run(TestRunner.java:587)
at org.testng.SuiteRunner.runTest(SuiteRunner.java:384)
at org.testng.SuiteRunner.runSequentially(SuiteRunner.java:378)
at org.testng.SuiteRunner.privateRun(SuiteRunner.java:337)
at org.testng.SuiteRunner.run(SuiteRunner.java:286)
at org.testng.SuiteRunnerWorker.runSuite(SuiteRunnerWorker.java:53)
at org.testng.SuiteRunnerWorker.run(SuiteRunnerWorker.java:96)
at org.testng.TestNG.runSuitesSequentially(TestNG.java:1187)
at org.testng.TestNG.runSuitesLocally(TestNG.java:1109)
at org.testng.TestNG.runSuites(TestNG.java:1039)
at org.testng.TestNG.run(TestNG.java:1007)
at org.testng.remote.AbstractRemoteTestNG.run(AbstractRemoteTestNG.java:115)
at org.testng.remote.RemoteTestNG.initAndRun(RemoteTestNG.java:251)
at org.testng.remote.RemoteTestNG.main(RemoteTestNG.java:77)
Caused by: java.lang.StackOverflowError
at com.hrms.Utils.ExcelUtility.loadSheet(ExcelUtility.java:55)
at com.hrms.Utils.ExcelUtility.loadSheet(ExcelUtility.java:55)
at com.hrms.Utils.ExcelUtility.loadSheet(ExcelUtility.java:55)
at com.hrms.Utils.ExcelUtility.loadSheet(ExcelUtility.java:55)
at com.hrms.Utils.ExcelUtility.loadSheet(ExcelUtility.java:55)
at com.hrms.Utils.ExcelUtility.loadSheet(ExcelUtility.java:55)
at com.hrms.Utils.ExcelUtility.loadSheet(ExcelUtility.java:55)
at com.hrms.Utils.ExcelUtility.loadSheet(ExcelUtility.java:55)
at com.hrms.Utils.ExcelUtility.loadSheet(ExcelUtility.java:55)
at com.hrms.Utils.ExcelUtility.loadSheet(ExcelUtility.java:55)
at com.hrms.Utils.ExcelUtility.loadSheet(ExcelUtility.java:55)
at com.hrms.Utils.ExcelUtility.loadSheet(ExcelUtility.java:55)
at com.hrms.Utils.ExcelUtility.loadSheet(ExcelUtility.java:55)
at com.hrms.Utils.ExcelUtility.loadSheet(ExcelUtility.java:55)
at com.hrms.Utils.ExcelUtility.loadSheet(ExcelUtility.java:55)
at com.hrms.Utils.ExcelUtility.loadSheet(ExcelUtility.java:55)
at com.hrms.Utils.ExcelUtility.loadSheet(ExcelUtility.java:55)
at com.hrms.Utils.ExcelUtility.loadSheet(ExcelUtility.java:55)
at com.hrms.Utils.ExcelUtility.loadSheet(ExcelUtility.java:55)
at com.hrms.Utils.ExcelUtility.loadSheet(ExcelUtility.java:55)
at com.hrms.Utils.ExcelUtility.loadSheet(ExcelUtility.java:55)
at com.hrms.Utils.ExcelUtility.loadSheet(ExcelUtility.java:55)
at com.hrms.Utils.ExcelUtility.loadSheet(ExcelUtility.java:55)
at com.hrms.Utils.ExcelUtility.loadSheet(ExcelUtility.java:55)
at com.hrms.Utils.ExcelUtility.loadSheet(ExcelUtility.java:55)
at com.hrms.Utils.ExcelUtility.loadSheet(ExcelUtility.java:55)
at com.hrms.Utils.ExcelUtility.loadSheet(ExcelUtility.java:55)
at com.hrms.Utils.ExcelUtility.loadSheet(ExcelUtility.java:55)
at com.hrms.Utils.ExcelUtility.loadSheet(ExcelUtility.java:55)
at com.hrms.Utils.ExcelUtility.loadSheet(ExcelUtility.java:55)
at com.hrms.Utils.ExcelUtility.loadSheet(ExcelUtility.java:55)
at com.hrms.Utils.ExcelUtility.loadSheet(ExcelUtility.java:55)
at com.hrms.Utils.ExcelUtility.loadSheet(ExcelUtility.java:55)
at com.hrms.Utils.ExcelUtility.loadSheet(ExcelUtility.java:55)
at com.hrms.Utils.ExcelUtility.loadSheet(ExcelUtility.java:55)
at com.hrms.Utils.ExcelUtility.loadSheet(ExcelUtility.java:55)
at com.hrms.Utils.ExcelUtility.loadSheet(ExcelUtility.java:55)
at com.hrms.Utils.ExcelUtility.loadSheet(ExcelUtility.java:55)
at com.hrms.Utils.ExcelUtility.loadSheet(ExcelUtility.java:55)
at com.hrms.Utils.ExcelUtility.loadSheet(ExcelUtility.java:55)
at com.hrms.Utils.ExcelUtility.loadSheet(ExcelUtility.java:55)
at com.hrms.Utils.ExcelUtility.loadSheet(ExcelUtility.java:55)
at com.hrms.Utils.ExcelUtility.loadSheet(ExcelUtility.java:55)
at com.hrms.Utils.ExcelUtility.loadSheet(ExcelUtility.java:55)
at com.hrms.Utils.ExcelUtility.loadSheet(ExcelUtility.java:55)
at com.hrms.Utils.ExcelUtility.loadSheet(ExcelUtility.java:55)
at com.hrms.Utils.ExcelUtility.loadSheet(ExcelUtility.java:55)
at com.hrms.Utils.ExcelUtility.loadSheet(ExcelUtility.java:55)
at com.hrms.Utils.ExcelUtility.loadSheet(ExcelUtility.java:55)
at com.hrms.Utils.ExcelUtility.loadSheet(ExcelUtility.java:55)
at com.hrms.Utils.ExcelUtility.loadSheet(ExcelUtility.java:55)
at com.hrms.Utils.ExcelUtility.loadSheet(ExcelUtility.java:55)
at com.hrms.Utils.ExcelUtility.loadSheet(ExcelUtility.java:55)
at com.hrms.Utils.ExcelUtility.loadSheet(ExcelUtility.java:55)
at com.hrms.Utils.ExcelUtility.loadSheet(ExcelUtility.java:55)
at com.hrms.Utils.ExcelUtility.loadSheet(ExcelUtility.java:55)
at com.hrms.Utils.ExcelUtility.loadSheet(ExcelUtility.java:55)
at com.hrms.Utils.ExcelUtility.loadSheet(ExcelUtility.java:55)
at com.hrms.Utils.ExcelUtility.loadSheet(ExcelUtility.java:55)
at com.hrms.Utils.ExcelUtility.loadSheet(ExcelUtility.java:55)
at com.hrms.Utils.ExcelUtility.loadSheet(ExcelUtility.java:55)
at com.hrms.Utils.ExcelUtility.loadSheet(ExcelUtility.java:55)
at com.hrms.Utils.ExcelUtility.loadSheet(ExcelUtility.java:55)
at com.hrms.Utils.ExcelUtility.loadSheet(ExcelUtility.java:55)
at com.hrms.Utils.ExcelUtility.loadSheet(ExcelUtility.java:55)
at com.hrms.Utils.ExcelUtility.loadSheet(ExcelUtility.java:55)
at com.hrms.Utils.ExcelUtility.loadSheet(ExcelUtility.java:55)
at com.hrms.Utils.ExcelUtility.loadSheet(ExcelUtility.java:55)
at com.hrms.Utils.ExcelUtility.loadSheet(ExcelUtility.java:55)
at com.hrms.Utils.ExcelUtility.loadSheet(ExcelUtility.java:55)
at com.hrms.Utils.ExcelUtility.loadSheet(ExcelUtility.java:55)
at com.hrms.Utils.ExcelUtility.loadSheet(ExcelUtility.java:55)
at com.hrms.Utils.ExcelUtility.loadSheet(ExcelUtility.java:55)
at com.hrms.Utils.ExcelUtility.loadSheet(ExcelUtility.java:55)
at com.hrms.Utils.ExcelUtility.loadSheet(ExcelUtility.java:55)
at com.hrms.Utils.ExcelUtility.loadSheet(ExcelUtility.java:55)
at com.hrms.Utils.ExcelUtility.loadSheet(ExcelUtility.java:55)
at com.hrms.Utils.ExcelUtility.loadSheet(ExcelUtility.java:55)
at com.hrms.Utils.ExcelUtility.loadSheet(ExcelUtility.java:55)
at com.hrms.Utils.ExcelUtility.loadSheet(ExcelUtility.java:55)
at com.hrms.Utils.ExcelUtility.loadSheet(ExcelUtility.java:55)
at com.hrms.Utils.ExcelUtility.loadSheet(ExcelUtility.java:55)
at com.hrms.Utils.ExcelUtility.loadSheet(ExcelUtility.java:55)
at com.hrms.Utils.ExcelUtility.loadSheet(ExcelUtility.java:55)
at com.hrms.Utils.ExcelUtility.loadSheet(ExcelUtility.java:55)
at com.hrms.Utils.ExcelUtility.loadSheet(ExcelUtility.java:55)
at com.hrms.Utils.ExcelUtility.loadSheet(ExcelUtility.java:55)
at com.hrms.Utils.ExcelUtility.loadSheet(ExcelUtility.java:55)
at com.hrms.Utils.ExcelUtility.loadSheet(ExcelUtility.java:55)
at com.hrms.Utils.ExcelUtility.loadSheet(ExcelUtility.java:55)
at com.hrms.Utils.ExcelUtility.loadSheet(ExcelUtility.java:55)
at com.hrms.Utils.ExcelUtility.loadSheet(ExcelUtility.java:55)
at com.hrms.Utils.ExcelUtility.loadSheet(ExcelUtility.java:55)
at com.hrms.Utils.ExcelUtility.loadSheet(ExcelUtility.java:55)
at com.hrms.Utils.ExcelUtility.loadSheet(ExcelUtility.java:55)
at com.hrms.Utils.ExcelUtility.loadSheet(ExcelUtility.java:55)
at com.hrms.Utils.ExcelUtility.loadSheet(ExcelUtility.java:55)
at com.hrms.Utils.ExcelUtility.loadSheet(ExcelUtility.java:55)
at com.hrms.Utils.ExcelUtility.loadSheet(ExcelUtility.java:55)
at com.hrms.Utils.ExcelUtility.loadSheet(ExcelUtility.java:55)
at com.hrms.Utils.ExcelUtility.loadSheet(ExcelUtility.java:55)
at com.hrms.Utils.ExcelUtility.loadSheet(ExcelUtility.java:55)
at com.hrms.Utils.ExcelUtility.loadSheet(ExcelUtility.java:55)
at com.hrms.Utils.ExcelUtility.loadSheet(ExcelUtility.java:55)
at com.hrms.Utils.ExcelUtility.loadSheet(ExcelUtility.java:55)
at com.hrms.Utils.ExcelUtility.loadSheet(ExcelUtility.java:55)
at com.hrms.Utils.ExcelUtility.loadSheet(ExcelUtility.java:55)
at com.hrms.Utils.ExcelUtility.loadSheet(ExcelUtility.java:55)
at com.hrms.Utils.ExcelUtility.loadSheet(ExcelUtility.java:55)
at com.hrms.Utils.ExcelUtility.loadSheet(ExcelUtility.java:55)
at com.hrms.Utils.ExcelUtility.loadSheet(ExcelUtility.java:55)
at com.hrms.Utils.ExcelUtility.loadSheet(ExcelUtility.java:55)
at com.hrms.Utils.ExcelUtility.loadSheet(ExcelUtility.java:55)
at com.hrms.Utils.ExcelUtility.loadSheet(ExcelUtility.java:55)
at com.hrms.Utils.ExcelUtility.loadSheet(ExcelUtility.java:55)
at com.hrms.Utils.ExcelUtility.loadSheet(ExcelUtility.java:55)
at com.hrms.Utils.ExcelUtility.loadSheet(ExcelUtility.java:55)
at com.hrms.Utils.ExcelUtility.loadSheet(ExcelUtility.java:55)
at com.hrms.Utils.ExcelUtility.loadSheet(ExcelUtility.java:55)
at com.hrms.Utils.ExcelUtility.loadSheet(ExcelUtility.java:55)
at com.hrms.Utils.ExcelUtility.loadSheet(ExcelUtility.java:55)
at com.hrms.Utils.ExcelUtility.loadSheet(ExcelUtility.java:55)
at com.hrms.Utils.ExcelUtility.loadSheet(ExcelUtility.java:55)
at com.hrms.Utils.ExcelUtility.loadSheet(ExcelUtility.java:55)
at com.hrms.Utils.ExcelUtility.loadSheet(ExcelUtility.java:55)
at com.hrms.Utils.ExcelUtility.loadSheet(ExcelUtility.java:55)
at com.hrms.Utils.ExcelUtility.loadSheet(ExcelUtility.java:55)
at com.hrms.Utils.ExcelUtility.loadSheet(ExcelUtility.java:55)
at com.hrms.Utils.ExcelUtility.loadSheet(ExcelUtility.java:55)
at com.hrms.Utils.ExcelUtility.loadSheet(ExcelUtility.java:55)
at com.hrms.Utils.ExcelUtility.loadSheet(ExcelUtility.java:55)
at com.hrms.Utils.ExcelUtility.loadSheet(ExcelUtility.java:55)
at com.hrms.Utils.ExcelUtility.loadSheet(ExcelUtility.java:55)
at com.hrms.Utils.ExcelUtility.loadSheet(ExcelUtility.java:55)
at com.hrms.Utils.ExcelUtility.loadSheet(ExcelUtility.java:55)
at com.hrms.Utils.ExcelUtility.loadSheet(ExcelUtility.java:55)
at com.hrms.Utils.ExcelUtility.loadSheet(ExcelUtility.java:55)
at com.hrms.Utils.ExcelUtility.loadSheet(ExcelUtility.java:55)
at com.hrms.Utils.ExcelUtility.loadSheet(ExcelUtility.java:55)
at com.hrms.Utils.ExcelUtility.loadSheet(ExcelUtility.java:55)
at com.hrms.Utils.ExcelUtility.loadSheet(ExcelUtility.java:55)
at com.hrms.Utils.ExcelUtility.loadSheet(ExcelUtility.java:55)
at com.hrms.Utils.ExcelUtility.loadSheet(ExcelUtility.java:55)
at com.hrms.Utils.ExcelUtility.loadSheet(ExcelUtility.java:55)
at com.hrms.Utils.ExcelUtility.loadSheet(ExcelUtility.java:55)
at com.hrms.Utils.ExcelUtility.loadSheet(ExcelUtility.java:55)
at com.hrms.Utils.ExcelUtility.loadSheet(ExcelUtility.java:55)
at com.hrms.Utils.ExcelUtility.loadSheet(ExcelUtility.java:55)
at com.hrms.Utils.ExcelUtility.loadSheet(ExcelUtility.java:55)
at com.hrms.Utils.ExcelUtility.loadSheet(ExcelUtility.java:55)
at com.hrms.Utils.ExcelUtility.loadSheet(ExcelUtility.java:55)
at com.hrms.Utils.ExcelUtility.loadSheet(ExcelUtility.java:55)
at com.hrms.Utils.ExcelUtility.loadSheet(ExcelUtility.java:55)
at com.hrms.Utils.ExcelUtility.loadSheet(ExcelUtility.java:55)
at com.hrms.Utils.ExcelUtility.loadSheet(ExcelUtility.java:55)
at com.hrms.Utils.ExcelUtility.loadSheet(ExcelUtility.java:55)
at com.hrms.Utils.ExcelUtility.loadSheet(ExcelUtility.java:55)
at com.hrms.Utils.ExcelUtility.loadSheet(ExcelUtility.java:55)
at com.hrms.Utils.ExcelUtility.loadSheet(ExcelUtility.java:55)
at com.hrms.Utils.ExcelUtility.loadSheet(ExcelUtility.java:55)
at com.hrms.Utils.ExcelUtility.loadSheet(ExcelUtility.java:55)
at com.hrms.Utils.ExcelUtility.loadSheet(ExcelUtility.java:55)
at com.hrms.Utils.ExcelUtility.loadSheet(ExcelUtility.java:55)
at com.hrms.Utils.ExcelUtility.loadSheet(ExcelUtility.java:55)
at com.hrms.Utils.ExcelUtility.loadSheet(ExcelUtility.java:55)
at com.hrms.Utils.ExcelUtility.loadSheet(ExcelUtility.java:55)
at com.hrms.Utils.ExcelUtility.loadSheet(ExcelUtility.java:55)
at com.hrms.Utils.ExcelUtility.loadSheet(ExcelUtility.java:55)
at com.hrms.Utils.ExcelUtility.loadSheet(ExcelUtility.java:55)
at com.hrms.Utils.ExcelUtility.loadSheet(ExcelUtility.java:55)
at com.hrms.Utils.ExcelUtility.loadSheet(ExcelUtility.java:55)
at com.hrms.Utils.ExcelUtility.loadSheet(ExcelUtility.java:55)
at com.hrms.Utils.ExcelUtility.loadSheet(ExcelUtility.java:55)
at com.hrms.Utils.ExcelUtility.loadSheet(ExcelUtility.java:55)
at com.hrms.Utils.ExcelUtility.loadSheet(ExcelUtility.java:55)
at com.hrms.Utils.ExcelUtility.loadSheet(ExcelUtility.java:55)
at com.hrms.Utils.ExcelUtility.loadSheet(ExcelUtility.java:55)
at com.hrms.Utils.ExcelUtility.loadSheet(ExcelUtility.java:55)
at com.hrms.Utils.ExcelUtility.loadSheet(ExcelUtility.java:55)
at com.hrms.Utils.ExcelUtility.loadSheet(ExcelUtility.java:55)
at com.hrms.Utils.ExcelUtility.loadSheet(ExcelUtility.java:55)
at com.hrms.Utils.ExcelUtility.loadSheet(ExcelUtility.java:55)
at com.hrms.Utils.ExcelUtility.loadSheet(ExcelUtility.java:55)
at com.hrms.Utils.ExcelUtility.loadSheet(ExcelUtility.java:55)
at com.hrms.Utils.ExcelUtility.loadSheet(ExcelUtility.java:55)
at com.hrms.Utils.ExcelUtility.loadSheet(ExcelUtility.java:55)
at com.hrms.Utils.ExcelUtility.loadSheet(ExcelUtility.java:55)
at com.hrms.Utils.ExcelUtility.loadSheet(ExcelUtility.java:55)
at com.hrms.Utils.ExcelUtility.loadSheet(ExcelUtility.java:55)
at com.hrms.Utils.ExcelUtility.loadSheet(ExcelUtility.java:55)
at com.hrms.Utils.ExcelUtility.loadSheet(ExcelUtility.java:55)
at com.hrms.Utils.ExcelUtility.loadSheet(ExcelUtility.java:55)
at com.hrms.Utils.ExcelUtility.loadSheet(ExcelUtility.java:55)
at com.hrms.Utils.ExcelUtility.loadSheet(ExcelUtility.java:55)
at com.hrms.Utils.ExcelUtility.loadSheet(ExcelUtility.java:55)
at com.hrms.Utils.ExcelUtility.loadSheet(ExcelUtility.java:55)
at com.hrms.Utils.ExcelUtility.loadSheet(ExcelUtility.java:55)
at com.hrms.Utils.ExcelUtility.loadSheet(ExcelUtility.java:55)
at com.hrms.Utils.ExcelUtility.loadSheet(ExcelUtility.java:55)
at com.hrms.Utils.ExcelUtility.loadSheet(ExcelUtility.java:55)
at com.hrms.Utils.ExcelUtility.loadSheet(ExcelUtility.java:55)
at com.hrms.Utils.ExcelUtility.loadSheet(ExcelUtility.java:55)
at com.hrms.Utils.ExcelUtility.loadSheet(ExcelUtility.java:55)
at com.hrms.Utils.ExcelUtility.loadSheet(ExcelUtility.java:55)
at com.hrms.Utils.ExcelUtility.loadSheet(ExcelUtility.java:55)
at com.hrms.Utils.ExcelUtility.loadSheet(ExcelUtility.java:55)
at com.hrms.Utils.ExcelUtility.loadSheet(ExcelUtility.java:55)
at com.hrms.Utils.ExcelUtility.loadSheet(ExcelUtility.java:55)
at com.hrms.Utils.ExcelUtility.loadSheet(ExcelUtility.java:55)
at com.hrms.Utils.ExcelUtility.loadSheet(ExcelUtility.java:55)
at com.hrms.Utils.ExcelUtility.loadSheet(ExcelUtility.java:55)
at com.hrms.Utils.ExcelUtility.loadSheet(ExcelUtility.java:55)
at com.hrms.Utils.ExcelUtility.loadSheet(ExcelUtility.java:55)
at com.hrms.Utils.ExcelUtility.loadSheet(ExcelUtility.java:55)
at com.hrms.Utils.ExcelUtility.loadSheet(ExcelUtility.java:55)
at com.hrms.Utils.ExcelUtility.loadSheet(ExcelUtility.java:55)
at com.hrms.Utils.ExcelUtility.loadSheet(ExcelUtility.java:55)
at com.hrms.Utils.ExcelUtility.loadSheet(ExcelUtility.java:55)
at com.hrms.Utils.ExcelUtility.loadSheet(ExcelUtility.java:55)
at com.hrms.Utils.ExcelUtility.loadSheet(ExcelUtility.java:55)
at com.hrms.Utils.ExcelUtility.loadSheet(ExcelUtility.java:55)
at com.hrms.Utils.ExcelUtility.loadSheet(ExcelUtility.java:55)
at com.hrms.Utils.ExcelUtility.loadSheet(ExcelUtility.java:55)
at com.hrms.Utils.ExcelUtility.loadSheet(ExcelUtility.java:55)
at com.hrms.Utils.ExcelUtility.loadSheet(ExcelUtility.java:55)
at com.hrms.Utils.ExcelUtility.loadSheet(ExcelUtility.java:55)
at com.hrms.Utils.ExcelUtility.loadSheet(ExcelUtility.java:55)
at com.hrms.Utils.ExcelUtility.loadSheet(ExcelUtility.java:55)
at com.hrms.Utils.ExcelUtility.loadSheet(ExcelUtility.java:55)
at com.hrms.Utils.ExcelUtility.loadSheet(ExcelUtility.java:55)
at com.hrms.Utils.ExcelUtility.loadSheet(ExcelUtility.java:55)
at com.hrms.Utils.ExcelUtility.loadSheet(ExcelUtility.java:55)
at com.hrms.Utils.ExcelUtility.loadSheet(ExcelUtility.java:55)
at com.hrms.Utils.ExcelUtility.loadSheet(ExcelUtility.java:55)
at com.hrms.Utils.ExcelUtility.loadSheet(ExcelUtility.java:55)
at com.hrms.Utils.ExcelUtility.loadSheet(ExcelUtility.java:55)
at com.hrms.Utils.ExcelUtility.loadSheet(ExcelUtility.java:55)
at com.hrms.Utils.ExcelUtility.loadSheet(ExcelUtility.java:55)
at com.hrms.Utils.ExcelUtility.loadSheet(ExcelUtility.java:55)
at com.hrms.Utils.ExcelUtility.loadSheet(ExcelUtility.java:55)
at com.hrms.Utils.ExcelUtility.loadSheet(ExcelUtility.java:55)
at com.hrms.Utils.ExcelUtility.loadSheet(ExcelUtility.java:55)
at com.hrms.Utils.ExcelUtility.loadSheet(ExcelUtility.java:55)
at com.hrms.Utils.ExcelUtility.loadSheet(ExcelUtility.java:55)
at com.hrms.Utils.ExcelUtility.loadSheet(ExcelUtility.java:55)
at com.hrms.Utils.ExcelUtility.loadSheet(ExcelUtility.java:55)
at com.hrms.Utils.ExcelUtility.loadSheet(ExcelUtility.java:55)
at com.hrms.Utils.ExcelUtility.loadSheet(ExcelUtility.java:55)
at com.hrms.Utils.ExcelUtility.loadSheet(ExcelUtility.java:55)
at com.hrms.Utils.ExcelUtility.loadSheet(ExcelUtility.java:55)
at com.hrms.Utils.ExcelUtility.loadSheet(ExcelUtility.java:55)
at com.hrms.Utils.ExcelUtility.loadSheet(ExcelUtility.java:55)
at com.hrms.Utils.ExcelUtility.loadSheet(ExcelUtility.java:55)
at com.hrms.Utils.ExcelUtility.loadSheet(ExcelUtility.java:55)
at com.hrms.Utils.ExcelUtility.loadSheet(ExcelUtility.java:55)
at com.hrms.Utils.ExcelUtility.loadSheet(ExcelUtility.java:55)
at com.hrms.Utils.ExcelUtility.loadSheet(ExcelUtility.java:55)
at com.hrms.Utils.ExcelUtility.loadSheet(ExcelUtility.java:55)
at com.hrms.Utils.ExcelUtility.loadSheet(ExcelUtility.java:55)
at com.hrms.Utils.ExcelUtility.loadSheet(ExcelUtility.java:55)
at com.hrms.Utils.ExcelUtility.loadSheet(ExcelUtility.java:55)
at com.hrms.Utils.ExcelUtility.loadSheet(ExcelUtility.java:55)
at com.hrms.Utils.ExcelUtility.loadSheet(ExcelUtility.java:55)
at com.hrms.Utils.ExcelUtility.loadSheet(ExcelUtility.java:55)
at com.hrms.Utils.ExcelUtility.loadSheet(ExcelUtility.java:55)
at com.hrms.Utils.ExcelUtility.loadSheet(ExcelUtility.java:55)
at com.hrms.Utils.ExcelUtility.loadSheet(ExcelUtility.java:55)
at com.hrms.Utils.ExcelUtility.loadSheet(ExcelUtility.java:55)
at com.hrms.Utils.ExcelUtility.loadSheet(ExcelUtility.java:55)
at com.hrms.Utils.ExcelUtility.loadSheet(ExcelUtility.java:55)
at com.hrms.Utils.ExcelUtility.loadSheet(ExcelUtility.java:55)
at com.hrms.Utils.ExcelUtility.loadSheet(ExcelUtility.java:55)
at com.hrms.Utils.ExcelUtility.loadSheet(ExcelUtility.java:55)
at com.hrms.Utils.ExcelUtility.loadSheet(ExcelUtility.java:55)
at com.hrms.Utils.ExcelUtility.loadSheet(ExcelUtility.java:55)
at com.hrms.Utils.ExcelUtility.loadSheet(ExcelUtility.java:55)
at com.hrms.Utils.ExcelUtility.loadSheet(ExcelUtility.java:55)
at com.hrms.Utils.ExcelUtility.loadSheet(ExcelUtility.java:55)
at com.hrms.Utils.ExcelUtility.loadSheet(ExcelUtility.java:55)
at com.hrms.Utils.ExcelUtility.loadSheet(ExcelUtility.java:55)
at com.hrms.Utils.ExcelUtility.loadSheet(ExcelUtility.java:55)
at com.hrms.Utils.ExcelUtility.loadSheet(ExcelUtility.java:55)
at com.hrms.Utils.ExcelUtility.loadSheet(ExcelUtility.java:55)
at com.hrms.Utils.ExcelUtility.loadSheet(ExcelUtility.java:55)
at com.hrms.Utils.ExcelUtility.loadSheet(ExcelUtility.java:55)
at com.hrms.Utils.ExcelUtility.loadSheet(ExcelUtility.java:55)
at com.hrms.Utils.ExcelUtility.loadSheet(ExcelUtility.java:55)
at com.hrms.Utils.ExcelUtility.loadSheet(ExcelUtility.java:55)
at com.hrms.Utils.ExcelUtility.loadSheet(ExcelUtility.java:55)
at com.hrms.Utils.ExcelUtility.loadSheet(ExcelUtility.java:55)
at com.hrms.Utils.ExcelUtility.loadSheet(ExcelUtility.java:55)
at com.hrms.Utils.ExcelUtility.loadSheet(ExcelUtility.java:55)
at com.hrms.Utils.ExcelUtility.loadSheet(ExcelUtility.java:55)
at com.hrms.Utils.ExcelUtility.loadSheet(ExcelUtility.java:55)
at com.hrms.Utils.ExcelUtility.loadSheet(ExcelUtility.java:55)
at com.hrms.Utils.ExcelUtility.loadSheet(ExcelUtility.java:55)
at com.hrms.Utils.ExcelUtility.loadSheet(ExcelUtility.java:55)
at com.hrms.Utils.ExcelUtility.loadSheet(ExcelUtility.java:55)
at com.hrms.Utils.ExcelUtility.loadSheet(ExcelUtility.java:55)
at com.hrms.Utils.ExcelUtility.loadSheet(ExcelUtility.java:55)
at com.hrms.Utils.ExcelUtility.loadSheet(ExcelUtility.java:55)
at com.hrms.Utils.ExcelUtility.loadSheet(ExcelUtility.java:55)
at com.hrms.Utils.ExcelUtility.loadSheet(ExcelUtility.java:55)
at com.hrms.Utils.ExcelUtility.loadSheet(ExcelUtility.java:55)
at com.hrms.Utils.ExcelUtility.loadSheet(ExcelUtility.java:55)
at com.hrms.Utils.ExcelUtility.loadSheet(ExcelUtility.java:55)
at com.hrms.Utils.ExcelUtility.loadSheet(ExcelUtility.java:55)
at com.hrms.Utils.ExcelUtility.loadSheet(ExcelUtility.java:55)
at com.hrms.Utils.ExcelUtility.loadSheet(ExcelUtility.java:55)
at com.hrms.Utils.ExcelUtility.loadSheet(ExcelUtility.java:55)
at com.hrms.Utils.ExcelUtility.loadSheet(ExcelUtility.java:55)
at com.hrms.Utils.ExcelUtility.loadSheet(ExcelUtility.java:55)
at com.hrms.Utils.ExcelUtility.loadSheet(ExcelUtility.java:55)
at com.hrms.Utils.ExcelUtility.loadSheet(ExcelUtility.java:55)
at com.hrms.Utils.ExcelUtility.loadSheet(ExcelUtility.java:55)
at com.hrms.Utils.ExcelUtility.loadSheet(ExcelUtility.java:55)
at com.hrms.Utils.ExcelUtility.loadSheet(ExcelUtility.java:55)
at com.hrms.Utils.ExcelUtility.loadSheet(ExcelUtility.java:55)
at com.hrms.Utils.ExcelUtility.loadSheet(ExcelUtility.java:55)
at com.hrms.Utils.ExcelUtility.loadSheet(ExcelUtility.java:55)
at com.hrms.Utils.ExcelUtility.loadSheet(ExcelUtility.java:55)
at com.hrms.Utils.ExcelUtility.loadSheet(ExcelUtility.java:55)
at com.hrms.Utils.ExcelUtility.loadSheet(ExcelUtility.java:55)
at com.hrms.Utils.ExcelUtility.loadSheet(ExcelUtility.java:55)
at com.hrms.Utils.ExcelUtility.loadSheet(ExcelUtility.java:55)
at com.hrms.Utils.ExcelUtility.loadSheet(ExcelUtility.java:55)
at com.hrms.Utils.ExcelUtility.loadSheet(ExcelUtility.java:55)
at com.hrms.Utils.ExcelUtility.loadSheet(ExcelUtility.java:55)
at com.hrms.Utils.ExcelUtility.loadSheet(ExcelUtility.java:55)
at com.hrms.Utils.ExcelUtility.loadSheet(ExcelUtility.java:55)
at com.hrms.Utils.ExcelUtility.loadSheet(ExcelUtility.java:55)
at com.hrms.Utils.ExcelUtility.loadSheet(ExcelUtility.java:55)
at com.hrms.Utils.ExcelUtility.loadSheet(ExcelUtility.java:55)
at com.hrms.Utils.ExcelUtility.loadSheet(ExcelUtility.java:55)
at com.hrms.Utils.ExcelUtility.loadSheet(ExcelUtility.java:55)
at com.hrms.Utils.ExcelUtility.loadSheet(ExcelUtility.java:55)
at com.hrms.Utils.ExcelUtility.loadSheet(ExcelUtility.java:55)
at com.hrms.Utils.ExcelUtility.loadSheet(ExcelUtility.java:55)
at com.hrms.Utils.ExcelUtility.loadSheet(ExcelUtility.java:55)
at com.hrms.Utils.ExcelUtility.loadSheet(ExcelUtility.java:55)
at com.hrms.Utils.ExcelUtility.loadSheet(ExcelUtility.java:55)
at com.hrms.Utils.ExcelUtility.loadSheet(ExcelUtility.java:55)
at com.hrms.Utils.ExcelUtility.loadSheet(ExcelUtility.java:55)
at com.hrms.Utils.ExcelUtility.loadSheet(ExcelUtility.java:55)
at com.hrms.Utils.ExcelUtility.loadSheet(ExcelUtility.java:55)
at com.hrms.Utils.ExcelUtility.loadSheet(ExcelUtility.java:55)
at com.hrms.Utils.ExcelUtility.loadSheet(ExcelUtility.java:55)
at com.hrms.Utils.ExcelUtility.loadSheet(ExcelUtility.java:55)
at com.hrms.Utils.ExcelUtility.loadSheet(ExcelUtility.java:55)
at com.hrms.Utils.ExcelUtility.loadSheet(ExcelUtility.java:55)
at com.hrms.Utils.ExcelUtility.loadSheet(ExcelUtility.java:55)
at com.hrms.Utils.ExcelUtility.loadSheet(ExcelUtility.java:55)
at com.hrms.Utils.ExcelUtility.loadSheet(ExcelUtility.java:55)
at com.hrms.Utils.ExcelUtility.loadSheet(ExcelUtility.java:55)
at com.hrms.Utils.ExcelUtility.loadSheet(ExcelUtility.java:55)
at com.hrms.Utils.ExcelUtility.loadSheet(ExcelUtility.java:55)
at com.hrms.Utils.ExcelUtility.loadSheet(ExcelUtility.java:55)
at com.hrms.Utils.ExcelUtility.loadSheet(ExcelUtility.java:55)
at com.hrms.Utils.ExcelUtility.loadSheet(ExcelUtility.java:55)
at com.hrms.Utils.ExcelUtility.loadSheet(ExcelUtility.java:55)
at com.hrms.Utils.ExcelUtility.loadSheet(ExcelUtility.java:55)
at com.hrms.Utils.ExcelUtility.loadSheet(ExcelUtility.java:55)
at com.hrms.Utils.ExcelUtility.loadSheet(ExcelUtility.java:55)
at com.hrms.Utils.ExcelUtility.loadSheet(ExcelUtility.java:55)
at com.hrms.Utils.ExcelUtility.loadSheet(ExcelUtility.java:55)
at com.hrms.Utils.ExcelUtility.loadSheet(ExcelUtility.java:55)
at com.hrms.Utils.ExcelUtility.loadSheet(ExcelUtility.java:55)
at com.hrms.Utils.ExcelUtility.loadSheet(ExcelUtility.java:55)
at com.hrms.Utils.ExcelUtility.loadSheet(ExcelUtility.java:55)
at com.hrms.Utils.ExcelUtility.loadSheet(ExcelUtility.java:55)
at com.hrms.Utils.ExcelUtility.loadSheet(ExcelUtility.java:55)
at com.hrms.Utils.ExcelUtility.loadSheet(ExcelUtility.java:55)
at com.hrms.Utils.ExcelUtility.loadSheet(ExcelUtility.java:55)
at com.hrms.Utils.ExcelUtility.loadSheet(ExcelUtility.java:55)
at com.hrms.Utils.ExcelUtility.loadSheet(ExcelUtility.java:55)
at com.hrms.Utils.ExcelUtility.loadSheet(ExcelUtility.java:55)
at com.hrms.Utils.ExcelUtility.loadSheet(ExcelUtility.java:55)
at com.hrms.Utils.ExcelUtility.loadSheet(ExcelUtility.java:55)
at com.hrms.Utils.ExcelUtility.loadSheet(ExcelUtility.java:55)
at com.hrms.Utils.ExcelUtility.loadSheet(ExcelUtility.java:55)
at com.hrms.Utils.ExcelUtility.loadSheet(ExcelUtility.java:55)
at com.hrms.Utils.ExcelUtility.loadSheet(ExcelUtility.java:55)
at com.hrms.Utils.ExcelUtility.loadSheet(ExcelUtility.java:55)
at com.hrms.Utils.ExcelUtility.loadSheet(ExcelUtility.java:55)
at com.hrms.Utils.ExcelUtility.loadSheet(ExcelUtility.java:55)
at com.hrms.Utils.ExcelUtility.loadSheet(ExcelUtility.java:55)
at com.hrms.Utils.ExcelUtility.loadSheet(ExcelUtility.java:55)
at com.hrms.Utils.ExcelUtility.loadSheet(ExcelUtility.java:55)
at com.hrms.Utils.ExcelUtility.loadSheet(ExcelUtility.java:55)
at com.hrms.Utils.ExcelUtility.loadSheet(ExcelUtility.java:55)
at com.hrms.Utils.ExcelUtility.loadSheet(ExcelUtility.java:55)
at com.hrms.Utils.ExcelUtility.loadSheet(ExcelUtility.java:55)
at com.hrms.Utils.ExcelUtility.loadSheet(ExcelUtility.java:55)
at com.hrms.Utils.ExcelUtility.loadSheet(ExcelUtility.java:55)
at com.hrms.Utils.ExcelUtility.loadSheet(ExcelUtility.java:55)
at com.hrms.Utils.ExcelUtility.loadSheet(ExcelUtility.java:55)
at com.hrms.Utils.ExcelUtility.loadSheet(ExcelUtility.java:55)
at com.hrms.Utils.ExcelUtility.loadSheet(ExcelUtility.java:55)
at com.hrms.Utils.ExcelUtility.loadSheet(ExcelUtility.java:55)
at com.hrms.Utils.ExcelUtility.loadSheet(ExcelUtility.java:55)
at com.hrms.Utils.ExcelUtility.loadSheet(ExcelUtility.java:55)
at com.hrms.Utils.ExcelUtility.loadSheet(ExcelUtility.java:55)
at com.hrms.Utils.ExcelUtility.loadSheet(ExcelUtility.java:55)
at com.hrms.Utils.ExcelUtility.loadSheet(ExcelUtility.java:55)
at com.hrms.Utils.ExcelUtility.loadSheet(ExcelUtility.java:55)
at com.hrms.Utils.ExcelUtility.loadSheet(ExcelUtility.java:55)
at com.hrms.Utils.ExcelUtility.loadSheet(ExcelUtility.java:55)
at com.hrms.Utils.ExcelUtility.loadSheet(ExcelUtility.java:55)
at com.hrms.Utils.ExcelUtility.loadSheet(ExcelUtility.java:55)
at com.hrms.Utils.ExcelUtility.loadSheet(ExcelUtility.java:55)
at com.hrms.Utils.ExcelUtility.loadSheet(ExcelUtility.java:55)
at com.hrms.Utils.ExcelUtility.loadSheet(ExcelUtility.java:55)
at com.hrms.Utils.ExcelUtility.loadSheet(ExcelUtility.java:55)
at com.hrms.Utils.ExcelUtility.loadSheet(ExcelUtility.java:55)
at com.hrms.Utils.ExcelUtility.loadSheet(ExcelUtility.java:55)
at com.hrms.Utils.ExcelUtility.loadSheet(ExcelUtility.java:55)
at com.hrms.Utils.ExcelUtility.loadSheet(ExcelUtility.java:55)
at com.hrms.Utils.ExcelUtility.loadSheet(ExcelUtility.java:55)
at com.hrms.Utils.ExcelUtility.loadSheet(ExcelUtility.java:55)
at com.hrms.Utils.ExcelUtility.loadSheet(ExcelUtility.java:55)
at com.hrms.Utils.ExcelUtility.loadSheet(ExcelUtility.java:55)
at com.hrms.Utils.ExcelUtility.loadSheet(ExcelUtility.java:55)
at com.hrms.Utils.ExcelUtility.loadSheet(ExcelUtility.java:55)
at com.hrms.Utils.ExcelUtility.loadSheet(ExcelUtility.java:55)
at com.hrms.Utils.ExcelUtility.loadSheet(ExcelUtility.java:55)
at com.hrms.Utils.ExcelUtility.loadSheet(ExcelUtility.java:55)
at com.hrms.Utils.ExcelUtility.loadSheet(ExcelUtility.java:55)
at com.hrms.Utils.ExcelUtility.loadSheet(ExcelUtility.java:55)
at com.hrms.Utils.ExcelUtility.loadSheet(ExcelUtility.java:55)
at com.hrms.Utils.ExcelUtility.loadSheet(ExcelUtility.java:55)
at com.hrms.Utils.ExcelUtility.loadSheet(ExcelUtility.java:55)
at com.hrms.Utils.ExcelUtility.loadSheet(ExcelUtility.java:55)
at com.hrms.Utils.ExcelUtility.loadSheet(ExcelUtility.java:55)
at com.hrms.Utils.ExcelUtility.loadSheet(ExcelUtility.java:55)
at com.hrms.Utils.ExcelUtility.loadSheet(ExcelUtility.java:55)
at com.hrms.Utils.ExcelUtility.loadSheet(ExcelUtility.java:55)
at com.hrms.Utils.ExcelUtility.loadSheet(ExcelUtility.java:55)
at com.hrms.Utils.ExcelUtility.loadSheet(ExcelUtility.java:55)
at com.hrms.Utils.ExcelUtility.loadSheet(ExcelUtility.java:55)
at com.hrms.Utils.ExcelUtility.loadSheet(ExcelUtility.java:55)
at com.hrms.Utils.ExcelUtility.loadSheet(ExcelUtility.java:55)
at com.hrms.Utils.ExcelUtility.loadSheet(ExcelUtility.java:55)
at com.hrms.Utils.ExcelUtility.loadSheet(ExcelUtility.java:55)
at com.hrms.Utils.ExcelUtility.loadSheet(ExcelUtility.java:55)
at com.hrms.Utils.ExcelUtility.loadSheet(ExcelUtility.java:55)
at com.hrms.Utils.ExcelUtility.loadSheet(ExcelUtility.java:55)
at com.hrms.Utils.ExcelUtility.loadSheet(ExcelUtility.java:55)
at com.hrms.Utils.ExcelUtility.loadSheet(ExcelUtility.java:55)
at com.hrms.Utils.ExcelUtility.loadSheet(ExcelUtility.java:55)
at com.hrms.Utils.ExcelUtility.loadSheet(ExcelUtility.java:55)
at com.hrms.Utils.ExcelUtility.loadSheet(ExcelUtility.java:55)
at com.hrms.Utils.ExcelUtility.loadSheet(ExcelUtility.java:55)
at com.hrms.Utils.ExcelUtility.loadSheet(ExcelUtility.java:55)
at com.hrms.Utils.ExcelUtility.loadSheet(ExcelUtility.java:55)
at com.hrms.Utils.ExcelUtility.loadSheet(ExcelUtility.java:55)
at com.hrms.Utils.ExcelUtility.loadSheet(ExcelUtility.java:55)
at com.hrms.Utils.ExcelUtility.loadSheet(ExcelUtility.java:55)
at com.hrms.Utils.ExcelUtility.loadSheet(ExcelUtility.java:55)
at com.hrms.Utils.ExcelUtility.loadSheet(ExcelUtility.java:55)
at com.hrms.Utils.ExcelUtility.loadSheet(ExcelUtility.java:55)
at com.hrms.Utils.ExcelUtility.loadSheet(ExcelUtility.java:55)
at com.hrms.Utils.ExcelUtility.loadSheet(ExcelUtility.java:55)
at com.hrms.Utils.ExcelUtility.loadSheet(ExcelUtility.java:55)
at com.hrms.Utils.ExcelUtility.loadSheet(ExcelUtility.java:55)
at com.hrms.Utils.ExcelUtility.loadSheet(ExcelUtility.java:55)
at com.hrms.Utils.ExcelUtility.loadSheet(ExcelUtility.java:55)
at com.hrms.Utils.ExcelUtility.loadSheet(ExcelUtility.java:55)
at com.hrms.Utils.ExcelUtility.loadSheet(ExcelUtility.java:55)
at com.hrms.Utils.ExcelUtility.loadSheet(ExcelUtility.java:55)
at com.hrms.Utils.ExcelUtility.loadSheet(ExcelUtility.java:55)
at com.hrms.Utils.ExcelUtility.loadSheet(ExcelUtility.java:55)
at com.hrms.Utils.ExcelUtility.loadSheet(ExcelUtility.java:55)
at com.hrms.Utils.ExcelUtility.loadSheet(ExcelUtility.java:55)
at com.hrms.Utils.ExcelUtility.loadSheet(ExcelUtility.java:55)
at com.hrms.Utils.ExcelUtility.loadSheet(ExcelUtility.java:55)
at com.hrms.Utils.ExcelUtility.loadSheet(ExcelUtility.java:55)
at com.hrms.Utils.ExcelUtility.loadSheet(ExcelUtility.java:55)
at com.hrms.Utils.ExcelUtility.loadSheet(ExcelUtility.java:55)
at com.hrms.Utils.ExcelUtility.loadSheet(ExcelUtility.java:55)
at com.hrms.Utils.ExcelUtility.loadSheet(ExcelUtility.java:55)
at com.hrms.Utils.ExcelUtility.loadSheet(ExcelUtility.java:55)
at com.hrms.Utils.ExcelUtility.loadSheet(ExcelUtility.java:55)
at com.hrms.Utils.ExcelUtility.loadSheet(ExcelUtility.java:55)
at com.hrms.Utils.ExcelUtility.loadSheet(ExcelUtility.java:55)
at com.hrms.Utils.ExcelUtility.loadSheet(ExcelUtility.java:55)
at com.hrms.Utils.ExcelUtility.loadSheet(ExcelUtility.java:55)
at com.hrms.Utils.ExcelUtility.loadSheet(ExcelUtility.java:55)
at com.hrms.Utils.ExcelUtility.loadSheet(ExcelUtility.java:55)
at com.hrms.Utils.ExcelUtility.loadSheet(ExcelUtility.java:55)
at com.hrms.Utils.ExcelUtility.loadSheet(ExcelUtility.java:55)
at com.hrms.Utils.ExcelUtility.loadSheet(ExcelUtility.java:55)
at com.hrms.Utils.ExcelUtility.loadSheet(ExcelUtility.java:55)
at com.hrms.Utils.ExcelUtility.loadSheet(ExcelUtility.java:55)
at com.hrms.Utils.ExcelUtility.loadSheet(ExcelUtility.java:55)
at com.hrms.Utils.ExcelUtility.loadSheet(ExcelUtility.java:55)
at com.hrms.Utils.ExcelUtility.loadSheet(ExcelUtility.java:55)
at com.hrms.Utils.ExcelUtility.loadSheet(ExcelUtility.java:55)
at com.hrms.Utils.ExcelUtility.loadSheet(ExcelUtility.java:55)
at com.hrms.Utils.ExcelUtility.loadSheet(ExcelUtility.java:55)
at com.hrms.Utils.ExcelUtility.loadSheet(ExcelUtility.java:55)
at com.hrms.Utils.ExcelUtility.loadSheet(ExcelUtility.java:55)
at com.hrms.Utils.ExcelUtility.loadSheet(ExcelUtility.java:55)
at com.hrms.Utils.ExcelUtility.loadSheet(ExcelUtility.java:55)
at com.hrms.Utils.ExcelUtility.loadSheet(ExcelUtility.java:55)
at com.hrms.Utils.ExcelUtility.loadSheet(ExcelUtility.java:55)
at com.hrms.Utils.ExcelUtility.loadSheet(ExcelUtility.java:55)
at com.hrms.Utils.ExcelUtility.loadSheet(ExcelUtility.java:55)
at com.hrms.Utils.ExcelUtility.loadSheet(ExcelUtility.java:55)
at com.hrms.Utils.ExcelUtility.loadSheet(ExcelUtility.java:55)
at com.hrms.Utils.ExcelUtility.loadSheet(ExcelUtility.java:55)
at com.hrms.Utils.ExcelUtility.loadSheet(ExcelUtility.java:55)
at com.hrms.Utils.ExcelUtility.loadSheet(ExcelUtility.java:55)
at com.hrms.Utils.ExcelUtility.loadSheet(ExcelUtility.java:55)
at com.hrms.Utils.ExcelUtility.loadSheet(ExcelUtility.java:55)
at com.hrms.Utils.ExcelUtility.loadSheet(ExcelUtility.java:55)
at com.hrms.Utils.ExcelUtility.loadSheet(ExcelUtility.java:55)
at com.hrms.Utils.ExcelUtility.loadSheet(ExcelUtility.java:55)
at com.hrms.Utils.ExcelUtility.loadSheet(ExcelUtility.java:55)
at com.hrms.Utils.ExcelUtility.loadSheet(ExcelUtility.java:55)
at com.hrms.Utils.ExcelUtility.loadSheet(ExcelUtility.java:55)
at com.hrms.Utils.ExcelUtility.loadSheet(ExcelUtility.java:55)
at com.hrms.Utils.ExcelUtility.loadSheet(ExcelUtility.java:55)
at com.hrms.Utils.ExcelUtility.loadSheet(ExcelUtility.java:55)
at com.hrms.Utils.ExcelUtility.loadSheet(ExcelUtility.java:55)
at com.hrms.Utils.ExcelUtility.loadSheet(ExcelUtility.java:55)
at com.hrms.Utils.ExcelUtility.loadSheet(ExcelUtility.java:55)
at com.hrms.Utils.ExcelUtility.loadSheet(ExcelUtility.java:55)
at com.hrms.Utils.ExcelUtility.loadSheet(ExcelUtility.java:55)
at com.hrms.Utils.ExcelUtility.loadSheet(ExcelUtility.java:55)
at com.hrms.Utils.ExcelUtility.loadSheet(ExcelUtility.java:55)
at com.hrms.Utils.ExcelUtility.loadSheet(ExcelUtility.java:55)
at com.hrms.Utils.ExcelUtility.loadSheet(ExcelUtility.java:55)
at com.hrms.Utils.ExcelUtility.loadSheet(ExcelUtility.java:55)
at com.hrms.Utils.ExcelUtility.loadSheet(ExcelUtility.java:55)
at com.hrms.Utils.ExcelUtility.loadSheet(ExcelUtility.java:55)
at com.hrms.Utils.ExcelUtility.loadSheet(ExcelUtility.java:55)
at com.hrms.Utils.ExcelUtility.loadSheet(ExcelUtility.java:55)
at com.hrms.Utils.ExcelUtility.loadSheet(ExcelUtility.java:55)
at com.hrms.Utils.ExcelUtility.loadSheet(ExcelUtility.java:55)
at com.hrms.Utils.ExcelUtility.loadSheet(ExcelUtility.java:55)
at com.hrms.Utils.ExcelUtility.loadSheet(ExcelUtility.java:55)
at com.hrms.Utils.ExcelUtility.loadSheet(ExcelUtility.java:55)
at com.hrms.Utils.ExcelUtility.loadSheet(ExcelUtility.java:55)
at com.hrms.Utils.ExcelUtility.loadSheet(ExcelUtility.java:55)
at com.hrms.Utils.ExcelUtility.loadSheet(ExcelUtility.java:55)
at com.hrms.Utils.ExcelUtility.loadSheet(ExcelUtility.java:55)
at com.hrms.Utils.ExcelUtility.loadSheet(ExcelUtility.java:55)
at com.hrms.Utils.ExcelUtility.loadSheet(ExcelUtility.java:55)
at com.hrms.Utils.ExcelUtility.loadSheet(ExcelUtility.java:55)
at com.hrms.Utils.ExcelUtility.loadSheet(ExcelUtility.java:55)
at com.hrms.Utils.ExcelUtility.loadSheet(ExcelUtility.java:55)
at com.hrms.Utils.ExcelUtility.loadSheet(ExcelUtility.java:55)
at com.hrms.Utils.ExcelUtility.loadSheet(ExcelUtility.java:55)
at com.hrms.Utils.ExcelUtility.loadSheet(ExcelUtility.java:55)
at com.hrms.Utils.ExcelUtility.loadSheet(ExcelUtility.java:55)
at com.hrms.Utils.ExcelUtility.loadSheet(ExcelUtility.java:55)
at com.hrms.Utils.ExcelUtility.loadSheet(ExcelUtility.java:55)
at com.hrms.Utils.ExcelUtility.loadSheet(ExcelUtility.java:55)
at com.hrms.Utils.ExcelUtility.loadSheet(ExcelUtility.java:55)
at com.hrms.Utils.ExcelUtility.loadSheet(ExcelUtility.java:55)
at com.hrms.Utils.ExcelUtility.loadSheet(ExcelUtility.java:55)
at com.hrms.Utils.ExcelUtility.loadSheet(ExcelUtility.java:55)
at com.hrms.Utils.ExcelUtility.loadSheet(ExcelUtility.java:55)
at com.hrms.Utils.ExcelUtility.loadSheet(ExcelUtility.java:55)
at com.hrms.Utils.ExcelUtility.loadSheet(ExcelUtility.java:55)
at com.hrms.Utils.ExcelUtility.loadSheet(ExcelUtility.java:55)
at com.hrms.Utils.ExcelUtility.loadSheet(ExcelUtility.java:55)
at com.hrms.Utils.ExcelUtility.loadSheet(ExcelUtility.java:55)
at com.hrms.Utils.ExcelUtility.loadSheet(ExcelUtility.java:55)
at com.hrms.Utils.ExcelUtility.loadSheet(ExcelUtility.java:55)
at com.hrms.Utils.ExcelUtility.loadSheet(ExcelUtility.java:55)
at com.hrms.Utils.ExcelUtility.loadSheet(ExcelUtility.java:55)
at com.hrms.Utils.ExcelUtility.loadSheet(ExcelUtility.java:55)
at com.hrms.Utils.ExcelUtility.loadSheet(ExcelUtility.java:55)
at com.hrms.Utils.ExcelUtility.loadSheet(ExcelUtility.java:55)
at com.hrms.Utils.ExcelUtility.loadSheet(ExcelUtility.java:55)
at com.hrms.Utils.ExcelUtility.loadSheet(ExcelUtility.java:55)
at com.hrms.Utils.ExcelUtility.loadSheet(ExcelUtility.java:55)
at com.hrms.Utils.ExcelUtility.loadSheet(ExcelUtility.java:55)
at com.hrms.Utils.ExcelUtility.loadSheet(ExcelUtility.java:55)
at com.hrms.Utils.ExcelUtility.loadSheet(ExcelUtility.java:55)
at com.hrms.Utils.ExcelUtility.loadSheet(ExcelUtility.java:55)
at com.hrms.Utils.ExcelUtility.loadSheet(ExcelUtility.java:55)
at com.hrms.Utils.ExcelUtility.loadSheet(ExcelUtility.java:55)
at com.hrms.Utils.ExcelUtility.loadSheet(ExcelUtility.java:55)
at com.hrms.Utils.ExcelUtility.loadSheet(ExcelUtility.java:55)
at com.hrms.Utils.ExcelUtility.loadSheet(ExcelUtility.java:55)
at com.hrms.Utils.ExcelUtility.loadSheet(ExcelUtility.java:55)
at com.hrms.Utils.ExcelUtility.loadSheet(ExcelUtility.java:55)
at com.hrms.Utils.ExcelUtility.loadSheet(ExcelUtility.java:55)
at com.hrms.Utils.ExcelUtility.loadSheet(ExcelUtility.java:55)
at com.hrms.Utils.ExcelUtility.loadSheet(ExcelUtility.java:55)
at com.hrms.Utils.ExcelUtility.loadSheet(ExcelUtility.java:55)
at com.hrms.Utils.ExcelUtility.loadSheet(ExcelUtility.java:55)
at com.hrms.Utils.ExcelUtility.loadSheet(ExcelUtility.java:55)
at com.hrms.Utils.ExcelUtility.loadSheet(ExcelUtility.java:55)
at com.hrms.Utils.ExcelUtility.loadSheet(ExcelUtility.java:55)
at com.hrms.Utils.ExcelUtility.loadSheet(ExcelUtility.java:55)
at com.hrms.Utils.ExcelUtility.loadSheet(ExcelUtility.java:55)
at com.hrms.Utils.ExcelUtility.loadSheet(ExcelUtility.java:55)
at com.hrms.Utils.ExcelUtility.loadSheet(ExcelUtility.java:55)
at com.hrms.Utils.ExcelUtility.loadSheet(ExcelUtility.java:55)
at com.hrms.Utils.ExcelUtility.loadSheet(ExcelUtility.java:55)
at com.hrms.Utils.ExcelUtility.loadSheet(ExcelUtility.java:55)
at com.hrms.Utils.ExcelUtility.loadSheet(ExcelUtility.java:55)
at com.hrms.Utils.ExcelUtility.loadSheet(ExcelUtility.java:55)
at com.hrms.Utils.ExcelUtility.loadSheet(ExcelUtility.java:55)
at com.hrms.Utils.ExcelUtility.loadSheet(ExcelUtility.java:55)
at com.hrms.Utils.ExcelUtility.loadSheet(ExcelUtility.java:55)
at com.hrms.Utils.ExcelUtility.loadSheet(ExcelUtility.java:55)
at com.hrms.Utils.ExcelUtility.loadSheet(ExcelUtility.java:55)
at com.hrms.Utils.ExcelUtility.loadSheet(ExcelUtility.java:55)
at com.hrms.Utils.ExcelUtility.loadSheet(ExcelUtility.java:55)
at com.hrms.Utils.ExcelUtility.loadSheet(ExcelUtility.java:55)
at com.hrms.Utils.ExcelUtility.loadSheet(ExcelUtility.java:55)
at com.hrms.Utils.ExcelUtility.loadSheet(ExcelUtility.java:55)
at com.hrms.Utils.ExcelUtility.loadSheet(ExcelUtility.java:55)
at com.hrms.Utils.ExcelUtility.loadSheet(ExcelUtility.java:55)
at com.hrms.Utils.ExcelUtility.loadSheet(ExcelUtility.java:55)
at com.hrms.Utils.ExcelUtility.loadSheet(ExcelUtility.java:55)
at com.hrms.Utils.ExcelUtility.loadSheet(ExcelUtility.java:55)
at com.hrms.Utils.ExcelUtility.loadSheet(ExcelUtility.java:55)
at com.hrms.Utils.ExcelUtility.loadSheet(ExcelUtility.java:55)
at com.hrms.Utils.ExcelUtility.loadSheet(ExcelUtility.java:55)
at com.hrms.Utils.ExcelUtility.loadSheet(ExcelUtility.java:55)
at com.hrms.Utils.ExcelUtility.loadSheet(ExcelUtility.java:55)
at com.hrms.Utils.ExcelUtility.loadSheet(ExcelUtility.java:55)
at com.hrms.Utils.ExcelUtility.loadSheet(ExcelUtility.java:55)
at com.hrms.Utils.ExcelUtility.loadSheet(ExcelUtility.java:55)
at com.hrms.Utils.ExcelUtility.loadSheet(ExcelUtility.java:55)
at com.hrms.Utils.ExcelUtility.loadSheet(ExcelUtility.java:55)
at com.hrms.Utils.ExcelUtility.loadSheet(ExcelUtility.java:55)
at com.hrms.Utils.ExcelUtility.loadSheet(ExcelUtility.java:55)
at com.hrms.Utils.ExcelUtility.loadSheet(ExcelUtility.java:55)
at com.hrms.Utils.ExcelUtility.loadSheet(ExcelUtility.java:55)
at com.hrms.Utils.ExcelUtility.loadSheet(ExcelUtility.java:55)
at com.hrms.Utils.ExcelUtility.loadSheet(ExcelUtility.java:55)
at com.hrms.Utils.ExcelUtility.loadSheet(ExcelUtility.java:55)
at com.hrms.Utils.ExcelUtility.loadSheet(ExcelUtility.java:55)
at com.hrms.Utils.ExcelUtility.loadSheet(ExcelUtility.java:55)
at com.hrms.Utils.ExcelUtility.loadSheet(ExcelUtility.java:55)
at com.hrms.Utils.ExcelUtility.loadSheet(ExcelUtility.java:55)
at com.hrms.Utils.ExcelUtility.loadSheet(ExcelUtility.java:55)
at com.hrms.Utils.ExcelUtility.loadSheet(ExcelUtility.java:55)
at com.hrms.Utils.ExcelUtility.loadSheet(ExcelUtility.java:55)
at com.hrms.Utils.ExcelUtility.loadSheet(ExcelUtility.java:55)
at com.hrms.Utils.ExcelUtility.loadSheet(ExcelUtility.java:55)
at com.hrms.Utils.ExcelUtility.loadSheet(ExcelUtility.java:55)
at com.hrms.Utils.ExcelUtility.loadSheet(ExcelUtility.java:55)
at com.hrms.Utils.ExcelUtility.loadSheet(ExcelUtility.java:55)
at com.hrms.Utils.ExcelUtility.loadSheet(ExcelUtility.java:55)
at com.hrms.Utils.ExcelUtility.loadSheet(ExcelUtility.java:55)
at com.hrms.Utils.ExcelUtility.loadSheet(ExcelUtility.java:55)
at com.hrms.Utils.ExcelUtility.loadSheet(ExcelUtility.java:55)
at com.hrms.Utils.ExcelUtility.loadSheet(ExcelUtility.java:55)
at com.hrms.Utils.ExcelUtility.loadSheet(ExcelUtility.java:55)
at com.hrms.Utils.ExcelUtility.loadSheet(ExcelUtility.java:55)
at com.hrms.Utils.ExcelUtility.loadSheet(ExcelUtility.java:55)
at com.hrms.Utils.ExcelUtility.loadSheet(ExcelUtility.java:55)
at com.hrms.Utils.ExcelUtility.loadSheet(ExcelUtility.java:55)
at com.hrms.Utils.ExcelUtility.loadSheet(ExcelUtility.java:55)
at com.hrms.Utils.ExcelUtility.loadSheet(ExcelUtility.java:55)
at com.hrms.Utils.ExcelUtility.loadSheet(ExcelUtility.java:55)
at com.hrms.Utils.ExcelUtility.loadSheet(ExcelUtility.java:55)
at com.hrms.Utils.ExcelUtility.loadSheet(ExcelUtility.java:55)
at com.hrms.Utils.ExcelUtility.loadSheet(ExcelUtility.java:55)
at com.hrms.Utils.ExcelUtility.loadSheet(ExcelUtility.java:55)
at com.hrms.Utils.ExcelUtility.loadSheet(ExcelUtility.java:55)
at com.hrms.Utils.ExcelUtility.loadSheet(ExcelUtility.java:55)
at com.hrms.Utils.ExcelUtility.loadSheet(ExcelUtility.java:55)
at com.hrms.Utils.ExcelUtility.loadSheet(ExcelUtility.java:55)
at com.hrms.Utils.ExcelUtility.loadSheet(ExcelUtility.java:55)
at com.hrms.Utils.ExcelUtility.loadSheet(ExcelUtility.java:55)
at com.hrms.Utils.ExcelUtility.loadSheet(ExcelUtility.java:55)
at com.hrms.Utils.ExcelUtility.loadSheet(ExcelUtility.java:55)
at com.hrms.Utils.ExcelUtility.loadSheet(ExcelUtility.java:55)
at com.hrms.Utils.ExcelUtility.loadSheet(ExcelUtility.java:55)
at com.hrms.Utils.ExcelUtility.loadSheet(ExcelUtility.java:55)
at com.hrms.Utils.ExcelUtility.loadSheet(ExcelUtility.java:55)
at com.hrms.Utils.ExcelUtility.loadSheet(ExcelUtility.java:55)
at com.hrms.Utils.ExcelUtility.loadSheet(ExcelUtility.java:55)
at com.hrms.Utils.ExcelUtility.loadSheet(ExcelUtility.java:55)
at com.hrms.Utils.ExcelUtility.loadSheet(ExcelUtility.java:55)
at com.hrms.Utils.ExcelUtility.loadSheet(ExcelUtility.java:55)
at com.hrms.Utils.ExcelUtility.loadSheet(ExcelUtility.java:55)
at com.hrms.Utils.ExcelUtility.loadSheet(ExcelUtility.java:55)
at com.hrms.Utils.ExcelUtility.loadSheet(ExcelUtility.java:55)
at com.hrms.Utils.ExcelUtility.loadSheet(ExcelUtility.java:55)
at com.hrms.Utils.ExcelUtility.loadSheet(ExcelUtility.java:55)
at com.hrms.Utils.ExcelUtility.loadSheet(ExcelUtility.java:55)
at com.hrms.Utils.ExcelUtility.loadSheet(ExcelUtility.java:55)
at com.hrms.Utils.ExcelUtility.loadSheet(ExcelUtility.java:55)
at com.hrms.Utils.ExcelUtility.loadSheet(ExcelUtility.java:55)
at com.hrms.Utils.ExcelUtility.loadSheet(ExcelUtility.java:55)
at com.hrms.Utils.ExcelUtility.loadSheet(ExcelUtility.java:55)
at com.hrms.Utils.ExcelUtility.loadSheet(ExcelUtility.java:55)
at com.hrms.Utils.ExcelUtility.loadSheet(ExcelUtility.java:55)
at com.hrms.Utils.ExcelUtility.loadSheet(ExcelUtility.java:55)
at com.hrms.Utils.ExcelUtility.loadSheet(ExcelUtility.java:55)
at com.hrms.Utils.ExcelUtility.loadSheet(ExcelUtility.java:55)
at com.hrms.Utils.ExcelUtility.loadSheet(ExcelUtility.java:55)
at com.hrms.Utils.ExcelUtility.loadSheet(ExcelUtility.java:55)
at com.hrms.Utils.ExcelUtility.loadSheet(ExcelUtility.java:55)
at com.hrms.Utils.ExcelUtility.loadSheet(ExcelUtility.java:55)
at com.hrms.Utils.ExcelUtility.loadSheet(ExcelUtility.java:55)
at com.hrms.Utils.ExcelUtility.loadSheet(ExcelUtility.java:55)
at com.hrms.Utils.ExcelUtility.loadSheet(ExcelUtility.java:55)
at com.hrms.Utils.ExcelUtility.loadSheet(ExcelUtility.java:55)
at com.hrms.Utils.ExcelUtility.loadSheet(ExcelUtility.java:55)
at com.hrms.Utils.ExcelUtility.loadSheet(ExcelUtility.java:55)
at com.hrms.Utils.ExcelUtility.loadSheet(ExcelUtility.java:55)
at com.hrms.Utils.ExcelUtility.loadSheet(ExcelUtility.java:55)
at com.hrms.Utils.ExcelUtility.loadSheet(ExcelUtility.java:55)
at com.hrms.Utils.ExcelUtility.loadSheet(ExcelUtility.java:55)
at com.hrms.Utils.ExcelUtility.loadSheet(ExcelUtility.java:55)
at com.hrms.Utils.ExcelUtility.loadSheet(ExcelUtility.java:55)
at com.hrms.Utils.ExcelUtility.loadSheet(ExcelUtility.java:55)
at com.hrms.Utils.ExcelUtility.loadSheet(ExcelUtility.java:55)
at com.hrms.Utils.ExcelUtility.loadSheet(ExcelUtility.java:55)
at com.hrms.Utils.ExcelUtility.loadSheet(ExcelUtility.java:55)
at com.hrms.Utils.ExcelUtility.loadSheet(ExcelUtility.java:55)
at com.hrms.Utils.ExcelUtility.loadSheet(ExcelUtility.java:55)
at com.hrms.Utils.ExcelUtility.loadSheet(ExcelUtility.java:55)
at com.hrms.Utils.ExcelUtility.loadSheet(ExcelUtility.java:55)
at com.hrms.Utils.ExcelUtility.loadSheet(ExcelUtility.java:55)
at com.hrms.Utils.ExcelUtility.loadSheet(ExcelUtility.java:55)
at com.hrms.Utils.ExcelUtility.loadSheet(ExcelUtility.java:55)
at com.hrms.Utils.ExcelUtility.loadSheet(ExcelUtility.java:55)
at com.hrms.Utils.ExcelUtility.loadSheet(ExcelUtility.java:55)
at com.hrms.Utils.ExcelUtility.loadSheet(ExcelUtility.java:55)
at com.hrms.Utils.ExcelUtility.loadSheet(ExcelUtility.java:55)
at com.hrms.Utils.ExcelUtility.loadSheet(ExcelUtility.java:55)
at com.hrms.Utils.ExcelUtility.loadSheet(ExcelUtility.java:55)
at com.hrms.Utils.ExcelUtility.loadSheet(ExcelUtility.java:55)
at com.hrms.Utils.ExcelUtility.loadSheet(ExcelUtility.java:55)
at com.hrms.Utils.ExcelUtility.loadSheet(ExcelUtility.java:55)
at com.hrms.Utils.ExcelUtility.loadSheet(ExcelUtility.java:55)
at com.hrms.Utils.ExcelUtility.loadSheet(ExcelUtility.java:55)
at com.hrms.Utils.ExcelUtility.loadSheet(ExcelUtility.java:55)
at com.hrms.Utils.ExcelUtility.loadSheet(ExcelUtility.java:55)
at com.hrms.Utils.ExcelUtility.loadSheet(ExcelUtility.java:55)
at com.hrms.Utils.ExcelUtility.loadSheet(ExcelUtility.java:55)
at com.hrms.Utils.ExcelUtility.loadSheet(ExcelUtility.java:55)
at com.hrms.Utils.ExcelUtility.loadSheet(ExcelUtility.java:55)
at com.hrms.Utils.ExcelUtility.loadSheet(ExcelUtility.java:55)
at com.hrms.Utils.ExcelUtility.loadSheet(ExcelUtility.java:55)
at com.hrms.Utils.ExcelUtility.loadSheet(ExcelUtility.java:55)
at com.hrms.Utils.ExcelUtility.loadSheet(ExcelUtility.java:55)
at com.hrms.Utils.ExcelUtility.loadSheet(ExcelUtility.java:55)
at com.hrms.Utils.ExcelUtility.loadSheet(ExcelUtility.java:55)
at com.hrms.Utils.ExcelUtility.loadSheet(ExcelUtility.java:55)
at com.hrms.Utils.ExcelUtility.loadSheet(ExcelUtility.java:55)
at com.hrms.Utils.ExcelUtility.loadSheet(ExcelUtility.java:55)
at com.hrms.Utils.ExcelUtility.loadSheet(ExcelUtility.java:55)
at com.hrms.Utils.ExcelUtility.loadSheet(ExcelUtility.java:55)
at com.hrms.Utils.ExcelUtility.loadSheet(ExcelUtility.java:55)
at com.hrms.Utils.ExcelUtility.loadSheet(ExcelUtility.java:55)
at com.hrms.Utils.ExcelUtility.loadSheet(ExcelUtility.java:55)
at com.hrms.Utils.ExcelUtility.loadSheet(ExcelUtility.java:55)
at com.hrms.Utils.ExcelUtility.loadSheet(ExcelUtility.java:55)
at com.hrms.Utils.ExcelUtility.loadSheet(ExcelUtility.java:55)
at com.hrms.Utils.ExcelUtility.loadSheet(ExcelUtility.java:55)
at com.hrms.Utils.ExcelUtility.loadSheet(ExcelUtility.java:55)
at com.hrms.Utils.ExcelUtility.loadSheet(ExcelUtility.java:55)
at com.hrms.Utils.ExcelUtility.loadSheet(ExcelUtility.java:55)
at com.hrms.Utils.ExcelUtility.loadSheet(ExcelUtility.java:55)
at com.hrms.Utils.ExcelUtility.loadSheet(ExcelUtility.java:55)
at com.hrms.Utils.ExcelUtility.loadSheet(ExcelUtility.java:55)
at com.hrms.Utils.ExcelUtility.loadSheet(ExcelUtility.java:55)
at com.hrms.Utils.ExcelUtility.loadSheet(ExcelUtility.java:55)
at com.hrms.Utils.ExcelUtility.loadSheet(ExcelUtility.java:55)
at com.hrms.Utils.ExcelUtility.loadSheet(ExcelUtility.java:55)
at com.hrms.Utils.ExcelUtility.loadSheet(ExcelUtility.java:55)
at com.hrms.Utils.ExcelUtility.loadSheet(ExcelUtility.java:55)
at com.hrms.Utils.ExcelUtility.loadSheet(ExcelUtility.java:55)
at com.hrms.Utils.ExcelUtility.loadSheet(ExcelUtility.java:55)
at com.hrms.Utils.ExcelUtility.loadSheet(ExcelUtility.java:55)
at com.hrms.Utils.ExcelUtility.loadSheet(ExcelUtility.java:55)
at com.hrms.Utils.ExcelUtility.loadSheet(ExcelUtility.java:55)
at com.hrms.Utils.ExcelUtility.loadSheet(ExcelUtility.java:55)
at com.hrms.Utils.ExcelUtility.loadSheet(ExcelUtility.java:55)
at com.hrms.Utils.ExcelUtility.loadSheet(ExcelUtility.java:55)
at com.hrms.Utils.ExcelUtility.loadSheet(ExcelUtility.java:55)
at com.hrms.Utils.ExcelUtility.loadSheet(ExcelUtility.java:55)
at com.hrms.Utils.ExcelUtility.loadSheet(ExcelUtility.java:55)
at com.hrms.Utils.ExcelUtility.loadSheet(ExcelUtility.java:55)
at com.hrms.Utils.ExcelUtility.loadSheet(ExcelUtility.java:55)
at com.hrms.Utils.ExcelUtility.loadSheet(ExcelUtility.java:55)
at com.hrms.Utils.ExcelUtility.loadSheet(ExcelUtility.java:55)
at com.hrms.Utils.ExcelUtility.loadSheet(ExcelUtility.java:55)
at com.hrms.Utils.ExcelUtility.loadSheet(ExcelUtility.java:55)
at com.hrms.Utils.ExcelUtility.loadSheet(ExcelUtility.java:55)
at com.hrms.Utils.ExcelUtility.loadSheet(ExcelUtility.java:55)
at com.hrms.Utils.ExcelUtility.loadSheet(ExcelUtility.java:55)
at com.hrms.Utils.ExcelUtility.loadSheet(ExcelUtility.java:55)
at com.hrms.Utils.ExcelUtility.loadSheet(ExcelUtility.java:55)
at com.hrms.Utils.ExcelUtility.loadSheet(ExcelUtility.java:55)
at com.hrms.Utils.ExcelUtility.loadSheet(ExcelUtility.java:55)
at com.hrms.Utils.ExcelUtility.loadSheet(ExcelUtility.java:55)
at com.hrms.Utils.ExcelUtility.loadSheet(ExcelUtility.java:55)
at com.hrms.Utils.ExcelUtility.loadSheet(ExcelUtility.java:55)
at com.hrms.Utils.ExcelUtility.loadSheet(ExcelUtility.java:55)
at com.hrms.Utils.ExcelUtility.loadSheet(ExcelUtility.java:55)
at com.hrms.Utils.ExcelUtility.loadSheet(ExcelUtility.java:55)
at com.hrms.Utils.ExcelUtility.loadSheet(ExcelUtility.java:55)
at com.hrms.Utils.ExcelUtility.loadSheet(ExcelUtility.java:55)
at com.hrms.Utils.ExcelUtility.loadSheet(ExcelUtility.java:55)
at com.hrms.Utils.ExcelUtility.loadSheet(ExcelUtility.java:55)
at com.hrms.Utils.ExcelUtility.loadSheet(ExcelUtility.java:55)
at com.hrms.Utils.ExcelUtility.loadSheet(ExcelUtility.java:55)
at com.hrms.Utils.ExcelUtility.loadSheet(ExcelUtility.java:55)
at com.hrms.Utils.ExcelUtility.loadSheet(ExcelUtility.java:55)
at com.hrms.Utils.ExcelUtility.loadSheet(ExcelUtility.java:55)
at com.hrms.Utils.ExcelUtility.loadSheet(ExcelUtility.java:55)
at com.hrms.Utils.ExcelUtility.loadSheet(ExcelUtility.java:55)
at com.hrms.Utils.ExcelUtility.loadSheet(ExcelUtility.java:55)
at com.hrms.Utils.ExcelUtility.loadSheet(ExcelUtility.java:55)
at com.hrms.Utils.ExcelUtility.loadSheet(ExcelUtility.java:55)
at com.hrms.Utils.ExcelUtility.loadSheet(ExcelUtility.java:55)
at com.hrms.Utils.ExcelUtility.loadSheet(ExcelUtility.java:55)
at com.hrms.Utils.ExcelUtility.loadSheet(ExcelUtility.java:55)
at com.hrms.Utils.ExcelUtility.loadSheet(ExcelUtility.java:55)
at com.hrms.Utils.ExcelUtility.loadSheet(ExcelUtility.java:55)
at com.hrms.Utils.ExcelUtility.loadSheet(ExcelUtility.java:55)
at com.hrms.Utils.ExcelUtility.loadSheet(ExcelUtility.java:55)
at com.hrms.Utils.ExcelUtility.loadSheet(ExcelUtility.java:55)
at com.hrms.Utils.ExcelUtility.loadSheet(ExcelUtility.java:55)
at com.hrms.Utils.ExcelUtility.loadSheet(ExcelUtility.java:55)
at com.hrms.Utils.ExcelUtility.loadSheet(ExcelUtility.java:55)
at com.hrms.Utils.ExcelUtility.loadSheet(ExcelUtility.java:55)
at com.hrms.Utils.ExcelUtility.loadSheet(ExcelUtility.java:55)
at com.hrms.Utils.ExcelUtility.loadSheet(ExcelUtility.java:55)
at com.hrms.Utils.ExcelUtility.loadSheet(ExcelUtility.java:55)
at com.hrms.Utils.ExcelUtility.loadSheet(ExcelUtility.java:55)
at com.hrms.Utils.ExcelUtility.loadSheet(ExcelUtility.java:55)
at com.hrms.Utils.ExcelUtility.loadSheet(ExcelUtility.java:55)
at com.hrms.Utils.ExcelUtility.loadSheet(ExcelUtility.java:55)
at com.hrms.Utils.ExcelUtility.loadSheet(ExcelUtility.java:55)
at com.hrms.Utils.ExcelUtility.loadSheet(ExcelUtility.java:55)
at com.hrms.Utils.ExcelUtility.loadSheet(ExcelUtility.java:55)
at com.hrms.Utils.ExcelUtility.loadSheet(ExcelUtility.java:55)
at com.hrms.Utils.ExcelUtility.loadSheet(ExcelUtility.java:55)
at com.hrms.Utils.ExcelUtility.loadSheet(ExcelUtility.java:55)
at com.hrms.Utils.ExcelUtility.loadSheet(ExcelUtility.java:55)
at com.hrms.Utils.ExcelUtility.loadSheet(ExcelUtility.java:55)
at com.hrms.Utils.ExcelUtility.loadSheet(ExcelUtility.java:55)
at com.hrms.Utils.ExcelUtility.loadSheet(ExcelUtility.java:55)
at com.hrms.Utils.ExcelUtility.loadSheet(ExcelUtility.java:55)
at com.hrms.Utils.ExcelUtility.loadSheet(ExcelUtility.java:55)
at com.hrms.Utils.ExcelUtility.loadSheet(ExcelUtility.java:55)
at com.hrms.Utils.ExcelUtility.loadSheet(ExcelUtility.java:55)
at com.hrms.Utils.ExcelUtility.loadSheet(ExcelUtility.java:55)
at com.hrms.Utils.ExcelUtility.loadSheet(ExcelUtility.java:55)
at com.hrms.Utils.ExcelUtility.loadSheet(ExcelUtility.java:55)
at com.hrms.Utils.ExcelUtility.loadSheet(ExcelUtility.java:55)
at com.hrms.Utils.ExcelUtility.loadSheet(ExcelUtility.java:55)
at com.hrms.Utils.ExcelUtility.loadSheet(ExcelUtility.java:55)
at com.hrms.Utils.ExcelUtility.loadSheet(ExcelUtility.java:55)
at com.hrms.Utils.ExcelUtility.loadSheet(ExcelUtility.java:55)
at com.hrms.Utils.ExcelUtility.loadSheet(ExcelUtility.java:55)
at com.hrms.Utils.ExcelUtility.loadSheet(ExcelUtility.java:55)
at com.hrms.Utils.ExcelUtility.loadSheet(ExcelUtility.java:55)
at com.hrms.Utils.ExcelUtility.loadSheet(ExcelUtility.java:55)
at com.hrms.Utils.ExcelUtility.loadSheet(ExcelUtility.java:55)
at com.hrms.Utils.ExcelUtility.loadSheet(ExcelUtility.java:55)
at com.hrms.Utils.ExcelUtility.loadSheet(ExcelUtility.java:55)
at com.hrms.Utils.ExcelUtility.loadSheet(ExcelUtility.java:55)
at com.hrms.Utils.ExcelUtility.loadSheet(ExcelUtility.java:55)
at com.hrms.Utils.ExcelUtility.loadSheet(ExcelUtility.java:55)
at com.hrms.Utils.ExcelUtility.loadSheet(ExcelUtility.java:55)
at com.hrms.Utils.ExcelUtility.loadSheet(ExcelUtility.java:55)
at com.hrms.Utils.ExcelUtility.loadSheet(ExcelUtility.java:55)
at com.hrms.Utils.ExcelUtility.loadSheet(ExcelUtility.java:55)
at com.hrms.Utils.ExcelUtility.loadSheet(ExcelUtility.java:55)
at com.hrms.Utils.ExcelUtility.loadSheet(ExcelUtility.java:55)
at com.hrms.Utils.ExcelUtility.loadSheet(ExcelUtility.java:55)
at com.hrms.Utils.ExcelUtility.loadSheet(ExcelUtility.java:55)
at com.hrms.Utils.ExcelUtility.loadSheet(ExcelUtility.java:55)
at com.hrms.Utils.ExcelUtility.loadSheet(ExcelUtility.java:55)
at com.hrms.Utils.ExcelUtility.loadSheet(ExcelUtility.java:55)
at com.hrms.Utils.ExcelUtility.loadSheet(ExcelUtility.java:55)
at com.hrms.Utils.ExcelUtility.loadSheet(ExcelUtility.java:55)
at com.hrms.Utils.ExcelUtility.loadSheet(ExcelUtility.java:55)
at com.hrms.Utils.ExcelUtility.loadSheet(ExcelUtility.java:55)
at com.hrms.Utils.ExcelUtility.loadSheet(ExcelUtility.java:55)
at com.hrms.Utils.ExcelUtility.loadSheet(ExcelUtility.java:55)
at com.hrms.Utils.ExcelUtility.loadSheet(ExcelUtility.java:55)
at com.hrms.Utils.ExcelUtility.loadSheet(ExcelUtility.java:55)
at com.hrms.Utils.ExcelUtility.loadSheet(ExcelUtility.java:55)
at com.hrms.Utils.ExcelUtility.loadSheet(ExcelUtility.java:55)
at com.hrms.Utils.ExcelUtility.loadSheet(ExcelUtility.java:55)
at com.hrms.Utils.ExcelUtility.loadSheet(ExcelUtility.java:55)
at com.hrms.Utils.ExcelUtility.loadSheet(ExcelUtility.java:55)
at com.hrms.Utils.ExcelUtility.loadSheet(ExcelUtility.java:55)
at com.hrms.Utils.ExcelUtility.loadSheet(ExcelUtility.java:55)
at com.hrms.Utils.ExcelUtility.loadSheet(ExcelUtility.java:55)
at com.hrms.Utils.ExcelUtility.loadSheet(ExcelUtility.java:55)
at com.hrms.Utils.ExcelUtility.loadSheet(ExcelUtility.java:55)
at com.hrms.Utils.ExcelUtility.loadSheet(ExcelUtility.java:55)
at com.hrms.Utils.ExcelUtility.loadSheet(ExcelUtility.java:55)
at com.hrms.Utils.ExcelUtility.loadSheet(ExcelUtility.java:55)
at com.hrms.Utils.ExcelUtility.loadSheet(ExcelUtility.java:55)
at com.hrms.Utils.ExcelUtility.loadSheet(ExcelUtility.java:55)
at com.hrms.Utils.ExcelUtility.loadSheet(ExcelUtility.java:55)
at com.hrms.Utils.ExcelUtility.loadSheet(ExcelUtility.java:55)
at com.hrms.Utils.ExcelUtility.loadSheet(ExcelUtility.java:55)
at com.hrms.Utils.ExcelUtility.loadSheet(ExcelUtility.java:55)
at com.hrms.Utils.ExcelUtility.loadSheet(ExcelUtility.java:55)
at com.hrms.Utils.ExcelUtility.loadSheet(ExcelUtility.java:55)
at com.hrms.Utils.ExcelUtility.loadSheet(ExcelUtility.java:55)
at com.hrms.Utils.ExcelUtility.loadSheet(ExcelUtility.java:55)
at com.hrms.Utils.ExcelUtility.loadSheet(ExcelUtility.java:55)
at com.hrms.Utils.ExcelUtility.loadSheet(ExcelUtility.java:55)
at com.hrms.Utils.ExcelUtility.loadSheet(ExcelUtility.java:55)
at com.hrms.Utils.ExcelUtility.loadSheet(ExcelUtility.java:55)
at com.hrms.Utils.ExcelUtility.loadSheet(ExcelUtility.java:55)
at com.hrms.Utils.ExcelUtility.loadSheet(ExcelUtility.java:55)
at com.hrms.Utils.ExcelUtility.loadSheet(ExcelUtility.java:55)
at com.hrms.Utils.ExcelUtility.loadSheet(ExcelUtility.java:55)
at com.hrms.Utils.ExcelUtility.loadSheet(ExcelUtility.java:55)
at com.hrms.Utils.ExcelUtility.loadSheet(ExcelUtility.java:55)
at com.hrms.Utils.ExcelUtility.loadSheet(ExcelUtility.java:55)
at com.hrms.Utils.ExcelUtility.loadSheet(ExcelUtility.java:55)
at com.hrms.Utils.ExcelUtility.loadSheet(ExcelUtility.java:55)
at com.hrms.Utils.ExcelUtility.loadSheet(ExcelUtility.java:55)
at com.hrms.Utils.ExcelUtility.loadSheet(ExcelUtility.java:55)
at com.hrms.Utils.ExcelUtility.loadSheet(ExcelUtility.java:55)
at com.hrms.Utils.ExcelUtility.loadSheet(ExcelUtility.java:55)
at com.hrms.Utils.ExcelUtility.loadSheet(ExcelUtility.java:55)
at com.hrms.Utils.ExcelUtility.loadSheet(ExcelUtility.java:55)
at com.hrms.Utils.ExcelUtility.loadSheet(ExcelUtility.java:55)
at com.hrms.Utils.ExcelUtility.loadSheet(ExcelUtility.java:55)
at com.hrms.Utils.ExcelUtility.loadSheet(ExcelUtility.java:55)
at com.hrms.Utils.ExcelUtility.loadSheet(ExcelUtility.java:55)
at com.hrms.Utils.ExcelUtility.loadSheet(ExcelUtility.java:55)
at com.hrms.Utils.ExcelUtility.loadSheet(ExcelUtility.java:55)
at com.hrms.Utils.ExcelUtility.loadSheet(ExcelUtility.java:55)
at com.hrms.Utils.ExcelUtility.loadSheet(ExcelUtility.java:55)
at com.hrms.Utils.ExcelUtility.loadSheet(ExcelUtility.java:55)
at com.hrms.Utils.ExcelUtility.loadSheet(ExcelUtility.java:55)
at com.hrms.Utils.ExcelUtility.loadSheet(ExcelUtility.java:55)
at com.hrms.Utils.ExcelUtility.loadSheet(ExcelUtility.java:55)
at com.hrms.Utils.ExcelUtility.loadSheet(ExcelUtility.java:55)
at com.hrms.Utils.ExcelUtility.loadSheet(ExcelUtility.java:55)
at com.hrms.Utils.ExcelUtility.loadSheet(ExcelUtility.java:55)
at com.hrms.Utils.ExcelUtility.loadSheet(ExcelUtility.java:55)
at com.hrms.Utils.ExcelUtility.loadSheet(ExcelUtility.java:55)
at com.hrms.Utils.ExcelUtility.loadSheet(ExcelUtility.java:55)
at com.hrms.Utils.ExcelUtility.loadSheet(ExcelUtility.java:55)
at com.hrms.Utils.ExcelUtility.loadSheet(ExcelUtility.java:55)
at com.hrms.Utils.ExcelUtility.loadSheet(ExcelUtility.java:55)
at com.hrms.Utils.ExcelUtility.loadSheet(ExcelUtility.java:55)
at com.hrms.Utils.ExcelUtility.loadSheet(ExcelUtility.java:55)
at com.hrms.Utils.ExcelUtility.loadSheet(ExcelUtility.java:55)
at com.hrms.Utils.ExcelUtility.loadSheet(ExcelUtility.java:55)
at com.hrms.Utils.ExcelUtility.loadSheet(ExcelUtility.java:55)
at com.hrms.Utils.ExcelUtility.loadSheet(ExcelUtility.java:55)
at com.hrms.Utils.ExcelUtility.loadSheet(ExcelUtility.java:55)
at com.hrms.Utils.ExcelUtility.loadSheet(ExcelUtility.java:55)
at com.hrms.Utils.ExcelUtility.loadSheet(ExcelUtility.java:55)
at com.hrms.Utils.ExcelUtility.loadSheet(ExcelUtility.java:55)
at com.hrms.Utils.ExcelUtility.loadSheet(ExcelUtility.java:55)
at com.hrms.Utils.ExcelUtility.loadSheet(ExcelUtility.java:55)
at com.hrms.Utils.ExcelUtility.loadSheet(ExcelUtility.java:55)
at com.hrms.Utils.ExcelUtility.loadSheet(ExcelUtility.java:55)
at com.hrms.Utils.ExcelUtility.loadSheet(ExcelUtility.java:55)
at com.hrms.Utils.ExcelUtility.loadSheet(ExcelUtility.java:55)
at com.hrms.Utils.ExcelUtility.loadSheet(ExcelUtility.java:55)
at com.hrms.Utils.ExcelUtility.loadSheet(ExcelUtility.java:55)
at com.hrms.Utils.ExcelUtility.loadSheet(ExcelUtility.java:55)
at com.hrms.Utils.ExcelUtility.loadSheet(ExcelUtility.java:55)
at com.hrms.Utils.ExcelUtility.loadSheet(ExcelUtility.java:55)
at com.hrms.Utils.ExcelUtility.loadSheet(ExcelUtility.java:55)
at com.hrms.Utils.ExcelUtility.loadSheet(ExcelUtility.java:55)
at com.hrms.Utils.ExcelUtility.loadSheet(ExcelUtility.java:55)
at com.hrms.Utils.ExcelUtility.loadSheet(ExcelUtility.java:55)
at com.hrms.Utils.ExcelUtility.loadSheet(ExcelUtility.java:55)
at com.hrms.Utils.ExcelUtility.loadSheet(ExcelUtility.java:55)
at com.hrms.Utils.ExcelUtility.loadSheet(ExcelUtility.java:55)
at com.hrms.Utils.ExcelUtility.loadSheet(ExcelUtility.java:55)
at com.hrms.Utils.ExcelUtility.loadSheet(ExcelUtility.java:55)
at com.hrms.Utils.ExcelUtility.loadSheet(ExcelUtility.java:55)
at com.hrms.Utils.ExcelUtility.loadSheet(ExcelUtility.java:55)
at com.hrms.Utils.ExcelUtility.loadSheet(ExcelUtility.java:55)
at com.hrms.Utils.ExcelUtility.loadSheet(ExcelUtility.java:55)
at com.hrms.Utils.ExcelUtility.loadSheet(ExcelUtility.java:55)
at com.hrms.Utils.ExcelUtility.loadSheet(ExcelUtility.java:55)
at com.hrms.Utils.ExcelUtility.loadSheet(ExcelUtility.java:55)
at com.hrms.Utils.ExcelUtility.loadSheet(ExcelUtility.java:55)
at com.hrms.Utils.ExcelUtility.loadSheet(ExcelUtility.java:55)
at com.hrms.Utils.ExcelUtility.loadSheet(ExcelUtility.java:55)
at com.hrms.Utils.ExcelUtility.loadSheet(ExcelUtility.java:55)
at com.hrms.Utils.ExcelUtility.loadSheet(ExcelUtility.java:55)
at com.hrms.Utils.ExcelUtility.loadSheet(ExcelUtility.java:55)
at com.hrms.Utils.ExcelUtility.loadSheet(ExcelUtility.java:55)
at com.hrms.Utils.ExcelUtility.loadSheet(ExcelUtility.java:55)
at com.hrms.Utils.ExcelUtility.loadSheet(ExcelUtility.java:55)
at com.hrms.Utils.ExcelUtility.loadSheet(ExcelUtility.java:55)
at com.hrms.Utils.ExcelUtility.loadSheet(ExcelUtility.java:55)
at com.hrms.Utils.ExcelUtility.loadSheet(ExcelUtility.java:55)
at com.hrms.Utils.ExcelUtility.loadSheet(ExcelUtility.java:55)
at com.hrms.Utils.ExcelUtility.loadSheet(ExcelUtility.java:55)
at com.hrms.Utils.ExcelUtility.loadSheet(ExcelUtility.java:55)
at com.hrms.Utils.ExcelUtility.loadSheet(ExcelUtility.java:55)
at com.hrms.Utils.ExcelUtility.loadSheet(ExcelUtility.java:55)
at com.hrms.Utils.ExcelUtility.loadSheet(ExcelUtility.java:55)
at com.hrms.Utils.ExcelUtility.loadSheet(ExcelUtility.java:55)
at com.hrms.Utils.ExcelUtility.loadSheet(ExcelUtility.java:55)
at com.hrms.Utils.ExcelUtility.loadSheet(ExcelUtility.java:55)
at com.hrms.Utils.ExcelUtility.loadSheet(ExcelUtility.java:55)
at com.hrms.Utils.ExcelUtility.loadSheet(ExcelUtility.java:55)
at com.hrms.Utils.ExcelUtility.loadSheet(ExcelUtility.java:55)
at com.hrms.Utils.ExcelUtility.loadSheet(ExcelUtility.java:55)
at com.hrms.Utils.ExcelUtility.loadSheet(ExcelUtility.java:55)
at com.hrms.Utils.ExcelUtility.loadSheet(ExcelUtility.java:55)
at com.hrms.Utils.ExcelUtility.loadSheet(ExcelUtility.java:55)
at com.hrms.Utils.ExcelUtility.loadSheet(ExcelUtility.java:55)
at com.hrms.Utils.ExcelUtility.loadSheet(ExcelUtility.java:55)
at com.hrms.Utils.ExcelUtility.loadSheet(ExcelUtility.java:55)
at com.hrms.Utils.ExcelUtility.loadSheet(ExcelUtility.java:55)
at com.hrms.Utils.ExcelUtility.loadSheet(ExcelUtility.java:55)
at com.hrms.Utils.ExcelUtility.loadSheet(ExcelUtility.java:55)
at com.hrms.Utils.ExcelUtility.loadSheet(ExcelUtility.java:55)
at com.hrms.Utils.ExcelUtility.loadSheet(ExcelUtility.java:55)
]]>
            </full-stacktrace>
          </exception> <!-- java.lang.RuntimeException -->
          <reporter-output>
          </reporter-output>
        </test-method> <!-- addEmployee -->
        <test-method status="FAIL" signature="setUp()[pri:0, instance:com.hrms.testCases.AddEmployeeTest@34cd072c]" name="setUp" is-config="true" duration-ms="1" started-at="2020-06-05T23:05:35 EDT" finished-at="2020-06-05T23:05:35 EDT">
          <exception class="java.lang.NullPointerException">
            <full-stacktrace>
              <![CDATA[java.lang.NullPointerException
at com.hrms.testBase.BaseClass.setUp(BaseClass.java:53)
at sun.reflect.NativeMethodAccessorImpl.invoke0(Native Method)
at sun.reflect.NativeMethodAccessorImpl.invoke(NativeMethodAccessorImpl.java:62)
at sun.reflect.DelegatingMethodAccessorImpl.invoke(DelegatingMethodAccessorImpl.java:43)
at java.lang.reflect.Method.invoke(Method.java:498)
at org.testng.internal.MethodInvocationHelper.invokeMethod(MethodInvocationHelper.java:134)
at org.testng.internal.MethodInvocationHelper.invokeMethodConsideringTimeout(MethodInvocationHelper.java:63)
at org.testng.internal.ConfigInvoker.invokeConfigurationMethod(ConfigInvoker.java:348)
at org.testng.internal.ConfigInvoker.invokeConfigurations(ConfigInvoker.java:302)
at org.testng.internal.TestInvoker.runConfigMethods(TestInvoker.java:695)
at org.testng.internal.TestInvoker.invokeMethod(TestInvoker.java:523)
at org.testng.internal.TestInvoker.invokeTestMethod(TestInvoker.java:173)
at org.testng.internal.MethodRunner.runInSequence(MethodRunner.java:46)
at org.testng.internal.TestInvoker$MethodInvocationAgent.invoke(TestInvoker.java:816)
at org.testng.internal.TestInvoker.invokeTestMethods(TestInvoker.java:146)
at org.testng.internal.TestMethodWorker.invokeTestMethods(TestMethodWorker.java:146)
at org.testng.internal.TestMethodWorker.run(TestMethodWorker.java:128)
at java.util.ArrayList.forEach(ArrayList.java:1257)
at org.testng.TestRunner.privateRun(TestRunner.java:766)
at org.testng.TestRunner.run(TestRunner.java:587)
at org.testng.SuiteRunner.runTest(SuiteRunner.java:384)
at org.testng.SuiteRunner.runSequentially(SuiteRunner.java:378)
at org.testng.SuiteRunner.privateRun(SuiteRunner.java:337)
at org.testng.SuiteRunner.run(SuiteRunner.java:286)
at org.testng.SuiteRunnerWorker.runSuite(SuiteRunnerWorker.java:53)
at org.testng.SuiteRunnerWorker.run(SuiteRunnerWorker.java:96)
at org.testng.TestNG.runSuitesSequentially(TestNG.java:1187)
at org.testng.TestNG.runSuitesLocally(TestNG.java:1109)
at org.testng.TestNG.runSuites(TestNG.java:1039)
at org.testng.TestNG.run(TestNG.java:1007)
at org.testng.remote.AbstractRemoteTestNG.run(AbstractRemoteTestNG.java:115)
at org.testng.remote.RemoteTestNG.initAndRun(RemoteTestNG.java:251)
at org.testng.remote.RemoteTestNG.main(RemoteTestNG.java:77)
]]>
            </full-stacktrace>
          </exception> <!-- java.lang.NullPointerException -->
          <reporter-output>
          </reporter-output>
        </test-method> <!-- setUp -->
        <test-method status="SKIP" signature="openBrowser()[pri:0, instance:com.hrms.testCases.AddEmployeeTest@34cd072c]" name="openBrowser" is-config="true" duration-ms="-1591412735120" started-at="2020-06-05T23:05:35 EDT" finished-at="1969-12-31T19:00:00 EST">
          <reporter-output>
          </reporter-output>
        </test-method> <!-- openBrowser -->
        <test-method status="SKIP" signature="addEmployeePage()[pri:0, instance:com.hrms.testCases.AddEmployeeTest@34cd072c]" name="addEmployeePage" duration-ms="0" started-at="2020-06-05T23:05:35 EDT" finished-at="2020-06-05T23:05:35 EDT">
          <exception class="java.lang.NullPointerException">
            <full-stacktrace>
              <![CDATA[java.lang.NullPointerException
at com.hrms.testBase.BaseClass.setUp(BaseClass.java:53)
at sun.reflect.NativeMethodAccessorImpl.invoke0(Native Method)
at sun.reflect.NativeMethodAccessorImpl.invoke(NativeMethodAccessorImpl.java:62)
at sun.reflect.DelegatingMethodAccessorImpl.invoke(DelegatingMethodAccessorImpl.java:43)
at java.lang.reflect.Method.invoke(Method.java:498)
at org.testng.internal.MethodInvocationHelper.invokeMethod(MethodInvocationHelper.java:134)
at org.testng.internal.MethodInvocationHelper.invokeMethodConsideringTimeout(MethodInvocationHelper.java:63)
at org.testng.internal.ConfigInvoker.invokeConfigurationMethod(ConfigInvoker.java:348)
at org.testng.internal.ConfigInvoker.invokeConfigurations(ConfigInvoker.java:302)
at org.testng.internal.TestInvoker.runConfigMethods(TestInvoker.java:695)
at org.testng.internal.TestInvoker.invokeMethod(TestInvoker.java:523)
at org.testng.internal.TestInvoker.invokeTestMethod(TestInvoker.java:173)
at org.testng.internal.MethodRunner.runInSequence(MethodRunner.java:46)
at org.testng.internal.TestInvoker$MethodInvocationAgent.invoke(TestInvoker.java:816)
at org.testng.internal.TestInvoker.invokeTestMethods(TestInvoker.java:146)
at org.testng.internal.TestMethodWorker.invokeTestMethods(TestMethodWorker.java:146)
at org.testng.internal.TestMethodWorker.run(TestMethodWorker.java:128)
at java.util.ArrayList.forEach(ArrayList.java:1257)
at org.testng.TestRunner.privateRun(TestRunner.java:766)
at org.testng.TestRunner.run(TestRunner.java:587)
at org.testng.SuiteRunner.runTest(SuiteRunner.java:384)
at org.testng.SuiteRunner.runSequentially(SuiteRunner.java:378)
at org.testng.SuiteRunner.privateRun(SuiteRunner.java:337)
at org.testng.SuiteRunner.run(SuiteRunner.java:286)
at org.testng.SuiteRunnerWorker.runSuite(SuiteRunnerWorker.java:53)
at org.testng.SuiteRunnerWorker.run(SuiteRunnerWorker.java:96)
at org.testng.TestNG.runSuitesSequentially(TestNG.java:1187)
at org.testng.TestNG.runSuitesLocally(TestNG.java:1109)
at org.testng.TestNG.runSuites(TestNG.java:1039)
at org.testng.TestNG.run(TestNG.java:1007)
at org.testng.remote.AbstractRemoteTestNG.run(AbstractRemoteTestNG.java:115)
at org.testng.remote.RemoteTestNG.initAndRun(RemoteTestNG.java:251)
at org.testng.remote.RemoteTestNG.main(RemoteTestNG.java:77)
]]>
            </full-stacktrace>
          </exception> <!-- java.lang.NullPointerException -->
          <reporter-output>
          </reporter-output>
        </test-method> <!-- addEmployeePage -->
        <test-method status="SKIP" signature="closeBrowser()[pri:0, instance:com.hrms.testCases.AddEmployeeTest@34cd072c]" name="closeBrowser" is-config="true" duration-ms="-1591412735130" started-at="2020-06-05T23:05:35 EDT" finished-at="1969-12-31T19:00:00 EST">
          <reporter-output>
          </reporter-output>
        </test-method> <!-- closeBrowser -->
        <test-method status="PASS" signature="tearDown()[pri:0, instance:com.hrms.testCases.AddEmployeeTest@34cd072c]" name="tearDown" is-config="true" duration-ms="1" started-at="2020-06-05T23:05:35 EDT" finished-at="2020-06-05T23:05:35 EDT">
          <reporter-output>
          </reporter-output>
        </test-method> <!-- tearDown -->
        <test-method status="SKIP" signature="writeReport()[pri:0, instance:com.hrms.testCases.AddEmployeeTest@34cd072c]" name="writeReport" is-config="true" duration-ms="-1591412735135" started-at="2020-06-05T23:05:35 EDT" finished-at="1969-12-31T19:00:00 EST">
          <reporter-output>
          </reporter-output>
        </test-method> <!-- writeReport -->
      </class> <!-- com.hrms.testCases.AddEmployeeTest -->
    </test> <!-- Default test -->
  </suite> <!-- Default suite -->
</testng-results>
